15:49:45.197 INFO  manager.ApplicationManager - Tests start in Chrome driver
15:49:48.418 INFO  manager.ApplicationManager - The link of project -->https://ilcarro-1578153671498.web.app/search
15:49:48.450 INFO  tests.TestBase - SL: Name of method--->loginSuccessAuth
15:49:48.451 INFO  manager.MyListener - Start find element by locator --->By.xpath: //a[text()=' Logout ']
15:49:53.504 INFO  manager.MyListener - After find by --->By.xpath: //a[text()=' Logout ']
15:49:53.505 INFO  tests.TestBase - Test start with data: "noa@gmail.com", "Nnoa12345$"
15:49:53.505 INFO  manager.MyListener - Start find element by locator --->By.cssSelector: [href^='/login']
15:49:53.526 INFO  manager.MyListener - After find by --->By.cssSelector: [href^='/login']
15:49:53.657 INFO  manager.MyListener - Start find element by locator --->By.id: email
15:49:53.680 INFO  manager.MyListener - After find by --->By.id: email
15:49:53.828 INFO  manager.MyListener - Start find element by locator --->By.id: password
15:49:53.844 INFO  manager.MyListener - After find by --->By.id: password
15:49:53.968 INFO  manager.MyListener - Start find element by locator --->By.cssSelector: button[type='submit']
15:49:53.985 INFO  manager.MyListener - After find by --->By.cssSelector: button[type='submit']
15:49:54.042 INFO  manager.MyListener - Start find element by locator --->By.cssSelector: .dialog-container
15:49:54.816 INFO  manager.MyListener - After find by --->By.cssSelector: .dialog-container
15:49:54.854 INFO  manager.MyListener - Start find element by locator --->By.cssSelector: .dialog-container h2
15:49:54.883 INFO  manager.MyListener - After find by --->By.cssSelector: .dialog-container h2
15:49:54.900 INFO  tests.TestBase - Assert check message: "Logged in success"
15:49:54.901 INFO  manager.MyListener - Start find element by locator --->By.xpath: //button[text()='Ok']
15:49:54.928 INFO  manager.MyListener - After find by --->By.xpath: //button[text()='Ok']
