18:07:12.299 INFO  manager.ApplicationManager - Tests start in Chrome driver
18:07:13.572 INFO  manager.ApplicationManager - The link of project -->https://ilcarro-1578153671498.web.app/search
18:07:13.607 INFO  tests.TestBase - SL: Name of method--->registrationSuccess
18:07:13.609 INFO  manager.MyListener - Start find element by locator --->By.xpath: //a[text()=' Logout ']
18:07:18.673 INFO  manager.MyListener - After find by --->By.xpath: //a[text()=' Logout ']
18:07:18.675 INFO  manager.MyListener - Start find element by locator --->By.xpath: //a[text()=' Sign up ']
18:07:18.692 INFO  manager.MyListener - After find by --->By.xpath: //a[text()=' Sign up ']
18:07:18.776 INFO  manager.MyListener - Start find element by locator --->By.id: name
18:07:18.800 INFO  manager.MyListener - After find by --->By.id: name
18:07:18.927 INFO  manager.MyListener - Start find element by locator --->By.id: lastName
18:07:18.956 INFO  manager.MyListener - After find by --->By.id: lastName
18:07:19.078 INFO  manager.MyListener - Start find element by locator --->By.id: email
18:07:19.113 INFO  manager.MyListener - After find by --->By.id: email
18:07:19.288 INFO  manager.MyListener - Start find element by locator --->By.id: password
18:07:19.310 INFO  manager.MyListener - After find by --->By.id: password
18:07:19.421 INFO  manager.MyListener - Start find element by locator --->By.cssSelector: label[for='terms-of-use']
18:07:19.449 INFO  manager.MyListener - After find by --->By.cssSelector: label[for='terms-of-use']
18:07:19.836 INFO  manager.MyListener - Start find element by locator --->By.cssSelector: button[type='submit']
18:07:19.855 INFO  manager.MyListener - After find by --->By.cssSelector: button[type='submit']
18:07:19.923 INFO  manager.MyListener - Start find element by locator --->By.cssSelector: .dialog-container
18:07:20.336 INFO  manager.MyListener - After find by --->By.cssSelector: .dialog-container
18:07:20.383 INFO  manager.MyListener - Start find element by locator --->By.cssSelector: .dialog-container h2
18:07:20.409 INFO  manager.MyListener - After find by --->By.cssSelector: .dialog-container h2
18:07:20.437 INFO  manager.MyListener - Start find element by locator --->By.xpath: //button[text()='Ok']
18:07:20.454 INFO  manager.MyListener - After find by --->By.xpath: //button[text()='Ok']
18:07:20.506 INFO  tests.TestBase - SL: Name of method--->registrationSuccessAuth
18:07:20.506 INFO  manager.MyListener - Start find element by locator --->By.xpath: //a[text()=' Logout ']
18:07:20.525 INFO  manager.MyListener - After find by --->By.xpath: //a[text()=' Logout ']
18:07:20.525 INFO  manager.MyListener - Start find element by locator --->By.xpath: //a[text()=' Logout ']
18:07:20.548 INFO  manager.MyListener - After find by --->By.xpath: //a[text()=' Logout ']
18:07:20.633 INFO  manager.MyListener - Start find element by locator --->By.xpath: //a[text()=' Sign up ']
18:07:20.665 INFO  manager.MyListener - After find by --->By.xpath: //a[text()=' Sign up ']
18:07:20.723 INFO  manager.MyListener - Start find element by locator --->By.id: name
18:07:20.743 INFO  manager.MyListener - After find by --->By.id: name
18:07:20.874 INFO  manager.MyListener - Start find element by locator --->By.id: lastName
18:07:20.884 INFO  manager.MyListener - After find by --->By.id: lastName
18:07:21.008 INFO  manager.MyListener - Start find element by locator --->By.id: email
18:07:21.020 INFO  manager.MyListener - After find by --->By.id: email
18:07:21.161 INFO  manager.MyListener - Start find element by locator --->By.id: password
18:07:21.175 INFO  manager.MyListener - After find by --->By.id: password
18:07:21.294 INFO  manager.MyListener - Start find element by locator --->By.cssSelector: label[for='terms-of-use']
18:07:21.316 INFO  manager.MyListener - After find by --->By.cssSelector: label[for='terms-of-use']
18:07:21.687 INFO  manager.MyListener - Start find element by locator --->By.cssSelector: button[type='submit']
18:07:21.704 INFO  manager.MyListener - After find by --->By.cssSelector: button[type='submit']
18:07:21.749 INFO  manager.MyListener - Start find element by locator --->By.cssSelector: .dialog-container
18:07:22.201 INFO  manager.MyListener - After find by --->By.cssSelector: .dialog-container
18:07:22.223 INFO  manager.MyListener - Start find element by locator --->By.cssSelector: .dialog-container h2
18:07:22.233 INFO  manager.MyListener - After find by --->By.cssSelector: .dialog-container h2
18:07:22.246 INFO  manager.MyListener - Start find element by locator --->By.xpath: //button[text()='Ok']
18:07:22.265 INFO  manager.MyListener - After find by --->By.xpath: //button[text()='Ok']
18:07:22.306 INFO  tests.TestBase - SL: Name of method--->registrationSuccessAuth
18:07:22.307 INFO  manager.MyListener - Start find element by locator --->By.xpath: //a[text()=' Logout ']
18:07:22.325 INFO  manager.MyListener - After find by --->By.xpath: //a[text()=' Logout ']
18:07:22.326 INFO  manager.MyListener - Start find element by locator --->By.xpath: //a[text()=' Logout ']
18:07:22.341 INFO  manager.MyListener - After find by --->By.xpath: //a[text()=' Logout ']
18:07:22.408 INFO  manager.MyListener - Start find element by locator --->By.xpath: //a[text()=' Sign up ']
18:07:22.434 INFO  manager.MyListener - After find by --->By.xpath: //a[text()=' Sign up ']
18:07:22.490 INFO  manager.MyListener - Start find element by locator --->By.id: name
18:07:22.509 INFO  manager.MyListener - After find by --->By.id: name
18:07:22.630 INFO  manager.MyListener - Start find element by locator --->By.id: lastName
18:07:22.650 INFO  manager.MyListener - After find by --->By.id: lastName
18:07:22.764 INFO  manager.MyListener - Start find element by locator --->By.id: email
18:07:22.788 INFO  manager.MyListener - After find by --->By.id: email
18:07:22.945 INFO  manager.MyListener - Start find element by locator --->By.id: password
18:07:22.955 INFO  manager.MyListener - After find by --->By.id: password
18:07:23.074 INFO  manager.MyListener - Start find element by locator --->By.cssSelector: label[for='terms-of-use']
18:07:23.100 INFO  manager.MyListener - After find by --->By.cssSelector: label[for='terms-of-use']
18:07:23.466 INFO  manager.MyListener - Start find element by locator --->By.cssSelector: button[type='submit']
18:07:23.488 INFO  manager.MyListener - After find by --->By.cssSelector: button[type='submit']
18:07:23.528 INFO  manager.MyListener - Start find element by locator --->By.cssSelector: .dialog-container
18:07:23.916 INFO  manager.MyListener - After find by --->By.cssSelector: .dialog-container
18:07:23.936 INFO  manager.MyListener - Start find element by locator --->By.cssSelector: .dialog-container h2
18:07:23.951 INFO  manager.MyListener - After find by --->By.cssSelector: .dialog-container h2
18:07:23.966 INFO  manager.MyListener - Start find element by locator --->By.xpath: //button[text()='Ok']
18:07:23.982 INFO  manager.MyListener - After find by --->By.xpath: //button[text()='Ok']
18:07:24.022 INFO  tests.TestBase - SL: Name of method--->registrationSuccessAuth
18:07:24.023 INFO  manager.MyListener - Start find element by locator --->By.xpath: //a[text()=' Logout ']
18:07:24.044 INFO  manager.MyListener - After find by --->By.xpath: //a[text()=' Logout ']
18:07:24.044 INFO  manager.MyListener - Start find element by locator --->By.xpath: //a[text()=' Logout ']
18:07:24.059 INFO  manager.MyListener - After find by --->By.xpath: //a[text()=' Logout ']
18:07:24.126 INFO  manager.MyListener - Start find element by locator --->By.xpath: //a[text()=' Sign up ']
18:07:24.137 INFO  manager.MyListener - After find by --->By.xpath: //a[text()=' Sign up ']
18:07:24.191 INFO  manager.MyListener - Start find element by locator --->By.id: name
18:07:24.214 INFO  manager.MyListener - After find by --->By.id: name
18:07:24.328 INFO  manager.MyListener - Start find element by locator --->By.id: lastName
18:07:24.337 INFO  manager.MyListener - After find by --->By.id: lastName
18:07:24.468 INFO  manager.MyListener - Start find element by locator --->By.id: email
18:07:24.480 INFO  manager.MyListener - After find by --->By.id: email
18:07:24.621 INFO  manager.MyListener - Start find element by locator --->By.id: password
18:07:24.635 INFO  manager.MyListener - After find by --->By.id: password
18:07:24.756 INFO  manager.MyListener - Start find element by locator --->By.cssSelector: label[for='terms-of-use']
18:07:24.772 INFO  manager.MyListener - After find by --->By.cssSelector: label[for='terms-of-use']
18:07:25.146 INFO  manager.MyListener - Start find element by locator --->By.cssSelector: button[type='submit']
18:07:25.162 INFO  manager.MyListener - After find by --->By.cssSelector: button[type='submit']
18:07:25.205 INFO  manager.MyListener - Start find element by locator --->By.cssSelector: .dialog-container
18:07:25.552 INFO  manager.MyListener - After find by --->By.cssSelector: .dialog-container
18:07:25.583 INFO  manager.MyListener - Start find element by locator --->By.cssSelector: .dialog-container h2
18:07:25.597 INFO  manager.MyListener - After find by --->By.cssSelector: .dialog-container h2
18:07:25.609 INFO  manager.MyListener - Start find element by locator --->By.xpath: //button[text()='Ok']
18:07:25.626 INFO  manager.MyListener - After find by --->By.xpath: //button[text()='Ok']
18:07:25.668 INFO  tests.TestBase - SL: Name of method--->registrationSuccessAuth
18:07:25.668 INFO  manager.MyListener - Start find element by locator --->By.xpath: //a[text()=' Logout ']
18:07:25.689 INFO  manager.MyListener - After find by --->By.xpath: //a[text()=' Logout ']
18:07:25.690 INFO  manager.MyListener - Start find element by locator --->By.xpath: //a[text()=' Logout ']
18:07:25.704 INFO  manager.MyListener - After find by --->By.xpath: //a[text()=' Logout ']
18:07:25.773 INFO  manager.MyListener - Start find element by locator --->By.xpath: //a[text()=' Sign up ']
18:07:25.786 INFO  manager.MyListener - After find by --->By.xpath: //a[text()=' Sign up ']
18:07:25.840 INFO  manager.MyListener - Start find element by locator --->By.id: name
18:07:25.864 INFO  manager.MyListener - After find by --->By.id: name
18:07:25.994 INFO  manager.MyListener - Start find element by locator --->By.id: lastName
18:07:26.019 INFO  manager.MyListener - After find by --->By.id: lastName
18:07:26.126 INFO  manager.MyListener - Start find element by locator --->By.id: email
18:07:26.140 INFO  manager.MyListener - After find by --->By.id: email
18:07:26.287 INFO  manager.MyListener - Start find element by locator --->By.id: password
18:07:26.297 INFO  manager.MyListener - After find by --->By.id: password
18:07:26.419 INFO  manager.MyListener - Start find element by locator --->By.cssSelector: label[for='terms-of-use']
18:07:26.436 INFO  manager.MyListener - After find by --->By.cssSelector: label[for='terms-of-use']
18:07:26.821 INFO  manager.MyListener - Start find element by locator --->By.cssSelector: button[type='submit']
18:07:26.839 INFO  manager.MyListener - After find by --->By.cssSelector: button[type='submit']
18:07:26.880 INFO  manager.MyListener - Start find element by locator --->By.cssSelector: .dialog-container
18:07:27.213 INFO  manager.MyListener - After find by --->By.cssSelector: .dialog-container
18:07:27.232 INFO  manager.MyListener - Start find element by locator --->By.cssSelector: .dialog-container h2
18:07:27.244 INFO  manager.MyListener - After find by --->By.cssSelector: .dialog-container h2
18:07:27.257 INFO  manager.MyListener - Start find element by locator --->By.xpath: //button[text()='Ok']
18:07:27.275 INFO  manager.MyListener - After find by --->By.xpath: //button[text()='Ok']
18:07:27.317 INFO  tests.TestBase - SL: Name of method--->registrationSuccessModel
18:07:27.317 INFO  manager.MyListener - Start find element by locator --->By.xpath: //a[text()=' Logout ']
18:07:27.337 INFO  manager.MyListener - After find by --->By.xpath: //a[text()=' Logout ']
18:07:27.337 INFO  manager.MyListener - Start find element by locator --->By.xpath: //a[text()=' Logout ']
18:07:27.352 INFO  manager.MyListener - After find by --->By.xpath: //a[text()=' Logout ']
18:07:27.420 INFO  manager.MyListener - Start find element by locator --->By.xpath: //a[text()=' Sign up ']
18:07:27.432 INFO  manager.MyListener - After find by --->By.xpath: //a[text()=' Sign up ']
18:07:27.486 INFO  manager.MyListener - Start find element by locator --->By.id: name
18:07:27.510 INFO  manager.MyListener - After find by --->By.id: name
18:07:27.622 INFO  manager.MyListener - Start find element by locator --->By.id: lastName
18:07:27.635 INFO  manager.MyListener - After find by --->By.id: lastName
18:07:27.767 INFO  manager.MyListener - Start find element by locator --->By.id: email
18:07:27.774 INFO  manager.MyListener - After find by --->By.id: email
18:07:27.927 INFO  manager.MyListener - Start find element by locator --->By.id: password
18:07:27.948 INFO  manager.MyListener - After find by --->By.id: password
18:07:28.081 INFO  manager.MyListener - Start find element by locator --->By.cssSelector: label[for='terms-of-use']
18:07:28.103 INFO  manager.MyListener - After find by --->By.cssSelector: label[for='terms-of-use']
18:07:28.485 INFO  manager.MyListener - Start find element by locator --->By.cssSelector: button[type='submit']
18:07:28.507 INFO  manager.MyListener - After find by --->By.cssSelector: button[type='submit']
18:07:28.548 INFO  manager.MyListener - Start find element by locator --->By.cssSelector: .dialog-container
18:07:28.937 INFO  manager.MyListener - After find by --->By.cssSelector: .dialog-container
18:07:28.957 INFO  manager.MyListener - Start find element by locator --->By.cssSelector: .dialog-container h2
18:07:28.981 INFO  manager.MyListener - After find by --->By.cssSelector: .dialog-container h2
18:07:29.004 INFO  manager.MyListener - Start find element by locator --->By.xpath: //button[text()='Ok']
18:07:29.018 INFO  manager.MyListener - After find by --->By.xpath: //button[text()='Ok']
