18:52:57.401 INFO  manager.ApplicationManager - Tests start in Chrome driver
18:53:00.290 INFO  manager.ApplicationManager - The link of project -->https://ilcarro-1578153671498.web.app/search
18:53:00.321 INFO  tests.TestBase - SL: Name of method--->loginSuccessUser
18:53:00.323 INFO  manager.MyListener - Start find element by locator --->By.xpath: //a[text()=' Logout ']
18:53:05.394 INFO  manager.MyListener - After find by --->By.xpath: //a[text()=' Logout ']
18:53:05.395 INFO  tests.TestBase - Test start with data: "noa@gmail.com", "Nnoa12345$"
18:53:05.396 INFO  manager.MyListener - Start find element by locator --->By.cssSelector: [href^='/login']
18:53:05.413 INFO  manager.MyListener - After find by --->By.cssSelector: [href^='/login']
18:53:05.489 INFO  manager.MyListener - Start find element by locator --->By.id: email
18:53:05.519 INFO  manager.MyListener - After find by --->By.id: email
18:53:05.662 INFO  manager.MyListener - Start find element by locator --->By.id: password
18:53:05.687 INFO  manager.MyListener - After find by --->By.id: password
18:53:05.809 INFO  manager.MyListener - Start find element by locator --->By.cssSelector: button[type='submit']
18:53:05.833 INFO  manager.MyListener - After find by --->By.cssSelector: button[type='submit']
18:53:05.902 INFO  manager.MyListener - Start find element by locator --->By.cssSelector: .dialog-container
18:53:06.475 INFO  manager.MyListener - After find by --->By.cssSelector: .dialog-container
18:53:06.515 INFO  manager.MyListener - Start find element by locator --->By.cssSelector: .dialog-container h2
18:53:06.528 INFO  manager.MyListener - After find by --->By.cssSelector: .dialog-container h2
18:53:06.543 INFO  tests.TestBase - Assert check message: "Logged in success"
18:53:06.544 INFO  manager.MyListener - Start find element by locator --->By.xpath: //button[text()='Ok']
18:53:06.558 INFO  manager.MyListener - After find by --->By.xpath: //button[text()='Ok']
18:53:06.598 INFO  tests.TestBase - SL: Name of method--->loginSuccessUser
18:53:06.599 INFO  manager.MyListener - Start find element by locator --->By.xpath: //a[text()=' Logout ']
18:53:06.620 INFO  manager.MyListener - After find by --->By.xpath: //a[text()=' Logout ']
18:53:06.621 INFO  manager.MyListener - Start find element by locator --->By.xpath: //a[text()=' Logout ']
18:53:06.637 INFO  manager.MyListener - After find by --->By.xpath: //a[text()=' Logout ']
18:53:06.708 INFO  tests.TestBase - Test start with data: "noa@gmail.com", "Nnoa12345$"
18:53:06.708 INFO  manager.MyListener - Start find element by locator --->By.cssSelector: [href^='/login']
18:53:06.728 INFO  manager.MyListener - After find by --->By.cssSelector: [href^='/login']
18:53:06.778 INFO  manager.MyListener - Start find element by locator --->By.id: email
18:53:06.806 INFO  manager.MyListener - After find by --->By.id: email
18:53:06.944 INFO  manager.MyListener - Start find element by locator --->By.id: password
18:53:06.959 INFO  manager.MyListener - After find by --->By.id: password
18:53:07.092 INFO  manager.MyListener - Start find element by locator --->By.cssSelector: button[type='submit']
18:53:07.117 INFO  manager.MyListener - After find by --->By.cssSelector: button[type='submit']
18:53:07.163 INFO  manager.MyListener - Start find element by locator --->By.cssSelector: .dialog-container
18:53:07.671 INFO  manager.MyListener - After find by --->By.cssSelector: .dialog-container
18:53:07.693 INFO  manager.MyListener - Start find element by locator --->By.cssSelector: .dialog-container h2
18:53:07.718 INFO  manager.MyListener - After find by --->By.cssSelector: .dialog-container h2
18:53:07.732 INFO  tests.TestBase - Assert check message: "Logged in success"
18:53:07.732 INFO  manager.MyListener - Start find element by locator --->By.xpath: //button[text()='Ok']
18:53:07.748 INFO  manager.MyListener - After find by --->By.xpath: //button[text()='Ok']
18:53:07.789 INFO  tests.TestBase - SL: Name of method--->loginSuccessUser
18:53:07.789 INFO  manager.MyListener - Start find element by locator --->By.xpath: //a[text()=' Logout ']
18:53:07.810 INFO  manager.MyListener - After find by --->By.xpath: //a[text()=' Logout ']
18:53:07.810 INFO  manager.MyListener - Start find element by locator --->By.xpath: //a[text()=' Logout ']
18:53:07.826 INFO  manager.MyListener - After find by --->By.xpath: //a[text()=' Logout ']
18:53:07.893 INFO  tests.TestBase - Test start with data: "noa@gmail.com", "Nnoa12345$"
18:53:07.893 INFO  manager.MyListener - Start find element by locator --->By.cssSelector: [href^='/login']
18:53:07.904 INFO  manager.MyListener - After find by --->By.cssSelector: [href^='/login']
18:53:07.957 INFO  manager.MyListener - Start find element by locator --->By.id: email
18:53:07.983 INFO  manager.MyListener - After find by --->By.id: email
18:53:08.134 INFO  manager.MyListener - Start find element by locator --->By.id: password
18:53:08.150 INFO  manager.MyListener - After find by --->By.id: password
18:53:08.279 INFO  manager.MyListener - Start find element by locator --->By.cssSelector: button[type='submit']
18:53:08.289 INFO  manager.MyListener - After find by --->By.cssSelector: button[type='submit']
18:53:08.340 INFO  manager.MyListener - Start find element by locator --->By.cssSelector: .dialog-container
18:53:08.846 INFO  manager.MyListener - After find by --->By.cssSelector: .dialog-container
18:53:08.879 INFO  manager.MyListener - Start find element by locator --->By.cssSelector: .dialog-container h2
18:53:08.890 INFO  manager.MyListener - After find by --->By.cssSelector: .dialog-container h2
18:53:08.903 INFO  tests.TestBase - Assert check message: "Logged in success"
18:53:08.903 INFO  manager.MyListener - Start find element by locator --->By.xpath: //button[text()='Ok']
18:53:08.922 INFO  manager.MyListener - After find by --->By.xpath: //button[text()='Ok']
