16:05:16.502 INFO  manager.ApplicationManager - Tests start in Chrome driver
16:05:17.922 INFO  manager.ApplicationManager - The link of project -->https://ilcarro-1578153671498.web.app/search
16:05:17.948 INFO  tests.TestBase - SL: Name of method--->loginSuccessAuth
16:05:17.948 INFO  manager.MyListener - Start find element by locator --->By.xpath: //a[text()=' Logout ']
16:05:23.015 INFO  manager.MyListener - After find by --->By.xpath: //a[text()=' Logout ']
16:05:23.017 INFO  tests.TestBase - Test start with data: "noa@gmail.com", "Nnoa12345$"
16:05:23.018 INFO  manager.MyListener - Start find element by locator --->By.cssSelector: [href^='/login']
16:05:23.046 INFO  manager.MyListener - After find by --->By.cssSelector: [href^='/login']
16:05:23.120 INFO  manager.MyListener - Start find element by locator --->By.id: e
16:05:28.226 INFO  manager.MyListener - We have a problem --->https://ilcarro-1578153671498.web.app/login?url=%2Fsearch
16:05:28.227 INFO  manager.MyListener - We have a problem --->no such element: Unable to locate element: {"method":"css selector","selector":"#e"}
  (Session info: chrome=102.0.5005.63)
For documentation on this error, please visit: https://www.seleniumhq.org/exceptions/no_such_element.html
Build info: version: '3.141.59', revision: 'e82be7d358', time: '2018-11-14T08:17:03'
System info: host: 'KDFX-PC', ip: '172.16.0.178', os.name: 'Windows 10', os.arch: 'amd64', os.version: '10.0', java.version: '1.8.0_321'
Driver info: org.openqa.selenium.chrome.ChromeDriver
Capabilities {acceptInsecureCerts: false, browserName: chrome, browserVersion: 102.0.5005.63, chrome: {chromedriverVersion: 101.0.4951.41 (93c720db8323..., userDataDir: C:\Users\KDFXTE~1\AppData\L...}, goog:chromeOptions: {debuggerAddress: localhost:60904}, javascriptEnabled: true, networkConnectionEnabled: false, pageLoadStrategy: normal, platform: WINDOWS, platformName: WINDOWS, proxy: Proxy(), setWindowRect: true, strictFileInteractability: false, timeouts: {implicit: 0, pageLoad: 300000, script: 30000}, unhandledPromptBehavior: dismiss and notify, webauthn:extension:credBlob: true, webauthn:extension:largeBlob: true, webauthn:virtualAuthenticators: true}
Session ID: bc6a06724b00d941bb8ddbf9376168ad
*** Element info: {Using=id, value=e}
16:05:28.227 INFO  manager.MyListener - We have a problem --->org.openqa.selenium.NoSuchElementException: no such element: Unable to locate element: {"method":"css selector","selector":"#e"}
  (Session info: chrome=102.0.5005.63)
For documentation on this error, please visit: https://www.seleniumhq.org/exceptions/no_such_element.html
Build info: version: '3.141.59', revision: 'e82be7d358', time: '2018-11-14T08:17:03'
System info: host: 'KDFX-PC', ip: '172.16.0.178', os.name: 'Windows 10', os.arch: 'amd64', os.version: '10.0', java.version: '1.8.0_321'
Driver info: org.openqa.selenium.chrome.ChromeDriver
Capabilities {acceptInsecureCerts: false, browserName: chrome, browserVersion: 102.0.5005.63, chrome: {chromedriverVersion: 101.0.4951.41 (93c720db8323..., userDataDir: C:\Users\KDFXTE~1\AppData\L...}, goog:chromeOptions: {debuggerAddress: localhost:60904}, javascriptEnabled: true, networkConnectionEnabled: false, pageLoadStrategy: normal, platform: WINDOWS, platformName: WINDOWS, proxy: Proxy(), setWindowRect: true, strictFileInteractability: false, timeouts: {implicit: 0, pageLoad: 300000, script: 30000}, unhandledPromptBehavior: dismiss and notify, webauthn:extension:credBlob: true, webauthn:extension:largeBlob: true, webauthn:virtualAuthenticators: true}
Session ID: bc6a06724b00d941bb8ddbf9376168ad
*** Element info: {Using=id, value=e}
