09:50:52.761 INFO  manager.ApplicationManager - Tests start in Chrome driver
09:50:54.414 INFO  manager.ApplicationManager - The link of project -->https://ilcarro-1578153671498.web.app/search
09:50:54.514 INFO  tests.TestBase - SL: Name of method--->loginSuccessAuth
09:50:54.519 INFO  manager.MyListener - Start find element by locator --->By.xpath: //a[text()=' Logout ']
09:50:59.608 INFO  manager.MyListener - After find by --->By.xpath: //a[text()=' Logout ']
09:50:59.610 INFO  tests.TestBase - Name of method is loginSuccessAuth: 
09:50:59.610 INFO  tests.TestBase - Test start with data: noa@gmail.com     Nnoa12345$
09:50:59.611 INFO  manager.MyListener - Start find element by locator --->By.cssSelector: [href^='/login']
09:50:59.640 INFO  manager.MyListener - After find by --->By.cssSelector: [href^='/login']
09:50:59.762 INFO  manager.MyListener - Start find element by locator --->By.id: email
09:50:59.800 INFO  manager.MyListener - After find by --->By.id: email
09:51:00.038 INFO  manager.MyListener - Start find element by locator --->By.id: password
09:51:00.066 INFO  manager.MyListener - After find by --->By.id: password
09:51:00.232 INFO  manager.MyListener - Start find element by locator --->By.cssSelector: button[type='submit']
09:51:00.256 INFO  manager.MyListener - After find by --->By.cssSelector: button[type='submit']
09:51:00.342 INFO  manager.MyListener - Start find element by locator --->By.cssSelector: .dialog-container
09:51:00.975 INFO  manager.MyListener - After find by --->By.cssSelector: .dialog-container
09:51:01.092 INFO  manager.MyListener - Start find element by locator --->By.cssSelector: .dialog-container h2
09:51:01.116 INFO  manager.MyListener - After find by --->By.cssSelector: .dialog-container h2
09:51:01.138 INFO  tests.TestBase - Assert check message: "Logged in success"
09:51:01.139 INFO  manager.MyListener - Start find element by locator --->By.xpath: //button[text()='Ok']
09:51:01.161 INFO  manager.MyListener - After find by --->By.xpath: //button[text()='Ok']
09:51:01.210 INFO  tests.TestBase - SL: Name of method--->loginSuccessAuth
09:51:01.212 INFO  manager.MyListener - Start find element by locator --->By.xpath: //a[text()=' Logout ']
09:51:01.237 INFO  manager.MyListener - After find by --->By.xpath: //a[text()=' Logout ']
09:51:01.237 INFO  manager.MyListener - Start find element by locator --->By.xpath: //a[text()=' Logout ']
09:51:01.256 INFO  manager.MyListener - After find by --->By.xpath: //a[text()=' Logout ']
09:51:01.352 INFO  tests.TestBase - Name of method is loginSuccessAuth: 
09:51:01.353 INFO  tests.TestBase - Test start with data: noa@gmail.com     Nnoa12345$
09:51:01.353 INFO  manager.MyListener - Start find element by locator --->By.cssSelector: [href^='/login']
09:51:01.386 INFO  manager.MyListener - After find by --->By.cssSelector: [href^='/login']
09:51:01.461 INFO  manager.MyListener - Start find element by locator --->By.id: email
09:51:01.484 INFO  manager.MyListener - After find by --->By.id: email
09:51:01.663 INFO  manager.MyListener - Start find element by locator --->By.id: password
09:51:01.682 INFO  manager.MyListener - After find by --->By.id: password
09:51:01.826 INFO  manager.MyListener - Start find element by locator --->By.cssSelector: button[type='submit']
09:51:01.852 INFO  manager.MyListener - After find by --->By.cssSelector: button[type='submit']
09:51:01.906 INFO  manager.MyListener - Start find element by locator --->By.cssSelector: .dialog-container
09:51:02.490 INFO  manager.MyListener - After find by --->By.cssSelector: .dialog-container
09:51:02.552 INFO  manager.MyListener - Start find element by locator --->By.cssSelector: .dialog-container h2
09:51:02.589 INFO  manager.MyListener - After find by --->By.cssSelector: .dialog-container h2
09:51:02.620 INFO  tests.TestBase - Assert check message: "Logged in success"
09:51:02.621 INFO  manager.MyListener - Start find element by locator --->By.xpath: //button[text()='Ok']
09:51:02.655 INFO  manager.MyListener - After find by --->By.xpath: //button[text()='Ok']
09:51:02.740 INFO  tests.TestBase - SL: Name of method--->loginSuccessAuth
09:51:02.742 INFO  manager.MyListener - Start find element by locator --->By.xpath: //a[text()=' Logout ']
09:51:02.773 INFO  manager.MyListener - After find by --->By.xpath: //a[text()=' Logout ']
09:51:02.775 INFO  manager.MyListener - Start find element by locator --->By.xpath: //a[text()=' Logout ']
09:51:02.806 INFO  manager.MyListener - After find by --->By.xpath: //a[text()=' Logout ']
09:51:02.987 INFO  tests.TestBase - Name of method is loginSuccessAuth: 
09:51:02.988 INFO  tests.TestBase - Test start with data: noa@gmail.com     Nnoa12345$
09:51:02.989 INFO  manager.MyListener - Start find element by locator --->By.cssSelector: [href^='/login']
09:51:03.020 INFO  manager.MyListener - After find by --->By.cssSelector: [href^='/login']
09:51:03.147 INFO  manager.MyListener - Start find element by locator --->By.id: email
09:51:03.173 INFO  manager.MyListener - After find by --->By.id: email
09:51:03.451 INFO  manager.MyListener - Start find element by locator --->By.id: password
09:51:03.481 INFO  manager.MyListener - After find by --->By.id: password
09:51:03.746 INFO  manager.MyListener - Start find element by locator --->By.cssSelector: button[type='submit']
09:51:03.777 INFO  manager.MyListener - After find by --->By.cssSelector: button[type='submit']
09:51:03.881 INFO  manager.MyListener - Start find element by locator --->By.cssSelector: .dialog-container
09:51:04.468 INFO  manager.MyListener - After find by --->By.cssSelector: .dialog-container
09:51:04.501 INFO  manager.MyListener - Start find element by locator --->By.cssSelector: .dialog-container h2
09:51:04.514 INFO  manager.MyListener - After find by --->By.cssSelector: .dialog-container h2
09:51:04.530 INFO  tests.TestBase - Assert check message: "Logged in success"
09:51:04.530 INFO  manager.MyListener - Start find element by locator --->By.xpath: //button[text()='Ok']
09:51:04.547 INFO  manager.MyListener - After find by --->By.xpath: //button[text()='Ok']
09:51:04.598 INFO  tests.TestBase - SL: Name of method--->loginSuccessAuth
09:51:04.599 INFO  manager.MyListener - Start find element by locator --->By.xpath: //a[text()=' Logout ']
09:51:04.628 INFO  manager.MyListener - After find by --->By.xpath: //a[text()=' Logout ']
09:51:04.629 INFO  manager.MyListener - Start find element by locator --->By.xpath: //a[text()=' Logout ']
09:51:04.645 INFO  manager.MyListener - After find by --->By.xpath: //a[text()=' Logout ']
09:51:04.844 INFO  tests.TestBase - Name of method is loginSuccessAuth: 
09:51:04.844 INFO  tests.TestBase - Test start with data: noa@gmail.com     Nnoa12345$
09:51:04.844 INFO  manager.MyListener - Start find element by locator --->By.cssSelector: [href^='/login']
09:51:04.868 INFO  manager.MyListener - After find by --->By.cssSelector: [href^='/login']
09:51:04.954 INFO  manager.MyListener - Start find element by locator --->By.id: email
09:51:04.966 INFO  manager.MyListener - After find by --->By.id: email
09:51:05.129 INFO  manager.MyListener - Start find element by locator --->By.id: password
09:51:05.152 INFO  manager.MyListener - After find by --->By.id: password
09:51:05.381 INFO  manager.MyListener - Start find element by locator --->By.cssSelector: button[type='submit']
09:51:05.396 INFO  manager.MyListener - After find by --->By.cssSelector: button[type='submit']
09:51:05.449 INFO  manager.MyListener - Start find element by locator --->By.cssSelector: .dialog-container
09:51:06.039 INFO  manager.MyListener - After find by --->By.cssSelector: .dialog-container
09:51:06.081 INFO  manager.MyListener - Start find element by locator --->By.cssSelector: .dialog-container h2
09:51:06.104 INFO  manager.MyListener - After find by --->By.cssSelector: .dialog-container h2
09:51:06.142 INFO  tests.TestBase - Assert check message: "Logged in success"
09:51:06.143 INFO  manager.MyListener - Start find element by locator --->By.xpath: //button[text()='Ok']
09:51:06.169 INFO  manager.MyListener - After find by --->By.xpath: //button[text()='Ok']
