18:35:15.520 INFO  manager.ApplicationManager - Tests start in Chrome driver
18:35:16.710 INFO  manager.ApplicationManager - The link of project -->https://ilcarro-1578153671498.web.app/search
18:35:16.748 INFO  tests.TestBase - SL: Name of method--->addNewCarSuccess
18:35:16.750 INFO  manager.MyListener - Start find element by locator --->By.xpath: //a[text()=' Logout ']
18:35:21.792 INFO  manager.MyListener - After find by --->By.xpath: //a[text()=' Logout ']
18:35:21.794 INFO  manager.MyListener - Start find element by locator --->By.cssSelector: [href^='/login']
18:35:21.811 INFO  manager.MyListener - After find by --->By.cssSelector: [href^='/login']
18:35:21.888 INFO  manager.MyListener - Start find element by locator --->By.id: email
18:35:21.919 INFO  manager.MyListener - After find by --->By.id: email
18:35:22.075 INFO  manager.MyListener - Start find element by locator --->By.id: password
18:35:22.088 INFO  manager.MyListener - After find by --->By.id: password
18:35:22.221 INFO  manager.MyListener - Start find element by locator --->By.cssSelector: button[type='submit']
18:35:22.248 INFO  manager.MyListener - After find by --->By.cssSelector: button[type='submit']
18:35:22.304 INFO  manager.MyListener - Start find element by locator --->By.xpath: //button[text()='Ok']
18:35:23.077 INFO  manager.MyListener - After find by --->By.xpath: //button[text()='Ok']
18:35:23.630 INFO  tests.TestBase - Tests start with car ---> Car(address=Tel Aviv,Israel, make=BMW, model=M5, year=2018, engine=2.5, fuel=Electric, gear=MT, wD=AWD, doors=4, seats=5, carClass=C, fuelConsumption=6.5, carRegNumber=999-00-672, price=80, distanceIncluded=700, features=type of features, about=very nice car)
18:35:23.630 INFO  manager.MyListener - Start find element by locator --->By.id: 1
18:35:23.652 INFO  manager.MyListener - After find by --->By.id: 1
18:35:23.724 INFO  manager.MyListener - Start find element by locator --->By.id: pickUpPlace
18:35:23.748 INFO  manager.MyListener - After find by --->By.id: pickUpPlace
18:35:24.390 INFO  manager.MyListener - Start find element by locator --->By.cssSelector: .pac-item
18:35:24.433 INFO  manager.MyListener - After find by --->By.cssSelector: .pac-item
18:35:24.987 INFO  manager.MyListener - Start find element by locator --->By.id: make
18:35:25.013 INFO  manager.MyListener - After find by --->By.id: make
18:35:25.137 INFO  manager.MyListener - Start find element by locator --->By.id: model
18:35:25.165 INFO  manager.MyListener - After find by --->By.id: model
18:35:25.277 INFO  manager.MyListener - Start find element by locator --->By.id: year
18:35:25.293 INFO  manager.MyListener - After find by --->By.id: year
18:35:25.449 INFO  manager.MyListener - Start find element by locator --->By.id: engine
18:35:25.478 INFO  manager.MyListener - After find by --->By.id: engine
18:35:25.603 INFO  manager.MyListener - Start find element by locator --->By.id: fuel
18:35:25.633 INFO  manager.MyListener - After find by --->By.id: fuel
18:35:25.662 INFO  manager.MyListener - Start find element by locator --->By.xpath: .//option[@value = "Electric"]
18:35:25.680 INFO  manager.MyListener - After find by --->By.xpath: .//option[@value = "Electric"]
18:35:25.724 INFO  manager.MyListener - Start find element by locator --->By.id: gear
18:35:25.744 INFO  manager.MyListener - After find by --->By.id: gear
18:35:25.770 INFO  manager.MyListener - Start find element by locator --->By.xpath: .//option[@value = "MT"]
18:35:25.791 INFO  manager.MyListener - After find by --->By.xpath: .//option[@value = "MT"]
18:35:25.832 INFO  manager.MyListener - Start find element by locator --->By.id: wheelsDrive
18:35:25.851 INFO  manager.MyListener - After find by --->By.id: wheelsDrive
18:35:25.877 INFO  manager.MyListener - Start find element by locator --->By.xpath: .//option[@value = "AWD"]
18:35:25.897 INFO  manager.MyListener - After find by --->By.xpath: .//option[@value = "AWD"]
18:35:25.939 INFO  manager.MyListener - Start find element by locator --->By.id: doors
18:35:25.964 INFO  manager.MyListener - After find by --->By.id: doors
18:35:26.115 INFO  manager.MyListener - Start find element by locator --->By.id: seats
18:35:26.132 INFO  manager.MyListener - After find by --->By.id: seats
18:35:26.269 INFO  manager.MyListener - Start find element by locator --->By.id: class
18:35:26.287 INFO  manager.MyListener - After find by --->By.id: class
18:35:26.413 INFO  manager.MyListener - Start find element by locator --->By.id: fuelConsumption
18:35:26.426 INFO  manager.MyListener - After find by --->By.id: fuelConsumption
18:35:26.574 INFO  manager.MyListener - Start find element by locator --->By.id: serialNumber
18:35:26.596 INFO  manager.MyListener - After find by --->By.id: serialNumber
18:35:26.734 INFO  manager.MyListener - Start find element by locator --->By.id: price
18:35:26.754 INFO  manager.MyListener - After find by --->By.id: price
18:35:26.908 INFO  manager.MyListener - Start find element by locator --->By.id: distance
18:35:26.924 INFO  manager.MyListener - After find by --->By.id: distance
18:35:27.066 INFO  manager.MyListener - Start find element by locator --->By.cssSelector: input[placeholder='Type feature']
18:35:27.094 INFO  manager.MyListener - After find by --->By.cssSelector: input[placeholder='Type feature']
18:35:27.230 INFO  manager.MyListener - Start find element by locator --->By.id: about
18:35:27.249 INFO  manager.MyListener - After find by --->By.id: about
18:35:27.367 INFO  manager.MyListener - Start find element by locator --->By.id: photos
18:35:27.387 INFO  manager.MyListener - After find by --->By.id: photos
18:35:27.443 INFO  manager.MyListener - Start find element by locator --->By.xpath: //button[text()='Submit']
18:35:27.465 INFO  manager.MyListener - After find by --->By.xpath: //button[text()='Submit']
18:35:28.589 INFO  manager.MyListener - Start find element by locator --->By.xpath: //button[text()='Submit']
18:35:28.610 INFO  manager.MyListener - After find by --->By.xpath: //button[text()='Submit']
18:35:28.655 INFO  manager.MyListener - Start find element by locator --->By.cssSelector: .dialog-container
18:35:29.991 INFO  manager.MyListener - After find by --->By.cssSelector: .dialog-container
18:35:30.011 INFO  manager.MyListener - Start find element by locator --->By.cssSelector: .dialog-container h1
18:35:30.029 INFO  manager.MyListener - After find by --->By.cssSelector: .dialog-container h1
18:35:30.048 INFO  manager.MyListener - Start find element by locator --->By.xpath: //*[text()='Search cars']
18:35:30.072 INFO  manager.MyListener - After find by --->By.xpath: //*[text()='Search cars']
18:35:30.115 INFO  tests.TestBase - SL: Name of method--->addNewCarSuccess
18:35:30.116 INFO  manager.MyListener - Start find element by locator --->By.xpath: //a[text()=' Logout ']
18:35:30.136 INFO  manager.MyListener - After find by --->By.xpath: //a[text()=' Logout ']
18:35:30.137 INFO  tests.TestBase - Tests start with car ---> Car(address=Tel Aviv,Israel, make=BMW, model=M5, year=2018, engine=2.5, fuel=Electric, gear=MT, wD=AWD, doors=4, seats=5, carClass=C, fuelConsumption=6.5, carRegNumber=998-00-672, price=80, distanceIncluded=700, features=type of features, about=very nice car)
18:35:30.138 INFO  manager.MyListener - Start find element by locator --->By.id: 1
18:35:30.150 INFO  manager.MyListener - After find by --->By.id: 1
18:35:30.278 INFO  manager.MyListener - Start find element by locator --->By.id: pickUpPlace
18:35:30.293 INFO  manager.MyListener - After find by --->By.id: pickUpPlace
18:35:30.962 INFO  manager.MyListener - Start find element by locator --->By.cssSelector: .pac-item
18:35:30.989 INFO  manager.MyListener - After find by --->By.cssSelector: .pac-item
18:35:31.535 INFO  manager.MyListener - Start find element by locator --->By.id: make
18:35:31.567 INFO  manager.MyListener - After find by --->By.id: make
18:35:31.692 INFO  manager.MyListener - Start find element by locator --->By.id: model
18:35:31.720 INFO  manager.MyListener - After find by --->By.id: model
18:35:31.829 INFO  manager.MyListener - Start find element by locator --->By.id: year
18:35:31.842 INFO  manager.MyListener - After find by --->By.id: year
18:35:31.965 INFO  manager.MyListener - Start find element by locator --->By.id: engine
18:35:31.977 INFO  manager.MyListener - After find by --->By.id: engine
18:35:32.094 INFO  manager.MyListener - Start find element by locator --->By.id: fuel
18:35:32.106 INFO  manager.MyListener - After find by --->By.id: fuel
18:35:32.133 INFO  manager.MyListener - Start find element by locator --->By.xpath: .//option[@value = "Electric"]
18:35:32.152 INFO  manager.MyListener - After find by --->By.xpath: .//option[@value = "Electric"]
18:35:32.197 INFO  manager.MyListener - Start find element by locator --->By.id: gear
18:35:32.210 INFO  manager.MyListener - After find by --->By.id: gear
18:35:32.225 INFO  manager.MyListener - Start find element by locator --->By.xpath: .//option[@value = "MT"]
18:35:32.249 INFO  manager.MyListener - After find by --->By.xpath: .//option[@value = "MT"]
18:35:32.292 INFO  manager.MyListener - Start find element by locator --->By.id: wheelsDrive
18:35:32.310 INFO  manager.MyListener - After find by --->By.id: wheelsDrive
18:35:32.334 INFO  manager.MyListener - Start find element by locator --->By.xpath: .//option[@value = "AWD"]
18:35:32.355 INFO  manager.MyListener - After find by --->By.xpath: .//option[@value = "AWD"]
18:35:32.398 INFO  manager.MyListener - Start find element by locator --->By.id: doors
18:35:32.411 INFO  manager.MyListener - After find by --->By.id: doors
18:35:32.556 INFO  manager.MyListener - Start find element by locator --->By.id: seats
18:35:32.568 INFO  manager.MyListener - After find by --->By.id: seats
18:35:32.726 INFO  manager.MyListener - Start find element by locator --->By.id: class
18:35:32.744 INFO  manager.MyListener - After find by --->By.id: class
18:35:32.882 INFO  manager.MyListener - Start find element by locator --->By.id: fuelConsumption
18:35:32.898 INFO  manager.MyListener - After find by --->By.id: fuelConsumption
18:35:33.020 INFO  manager.MyListener - Start find element by locator --->By.id: serialNumber
18:35:33.035 INFO  manager.MyListener - After find by --->By.id: serialNumber
18:35:33.172 INFO  manager.MyListener - Start find element by locator --->By.id: price
18:35:33.191 INFO  manager.MyListener - After find by --->By.id: price
18:35:33.317 INFO  manager.MyListener - Start find element by locator --->By.id: distance
18:35:33.328 INFO  manager.MyListener - After find by --->By.id: distance
18:35:33.468 INFO  manager.MyListener - Start find element by locator --->By.cssSelector: input[placeholder='Type feature']
18:35:33.482 INFO  manager.MyListener - After find by --->By.cssSelector: input[placeholder='Type feature']
18:35:33.617 INFO  manager.MyListener - Start find element by locator --->By.id: about
18:35:33.640 INFO  manager.MyListener - After find by --->By.id: about
18:35:33.774 INFO  manager.MyListener - Start find element by locator --->By.id: photos
18:35:33.801 INFO  manager.MyListener - After find by --->By.id: photos
18:35:33.857 INFO  manager.MyListener - Start find element by locator --->By.xpath: //button[text()='Submit']
18:35:33.874 INFO  manager.MyListener - After find by --->By.xpath: //button[text()='Submit']
18:35:34.991 INFO  manager.MyListener - Start find element by locator --->By.xpath: //button[text()='Submit']
18:35:35.000 INFO  manager.MyListener - After find by --->By.xpath: //button[text()='Submit']
18:35:35.045 INFO  manager.MyListener - Start find element by locator --->By.cssSelector: .dialog-container
18:35:36.425 INFO  manager.MyListener - After find by --->By.cssSelector: .dialog-container
18:35:36.443 INFO  manager.MyListener - Start find element by locator --->By.cssSelector: .dialog-container h1
18:35:36.458 INFO  manager.MyListener - After find by --->By.cssSelector: .dialog-container h1
18:35:36.471 INFO  manager.MyListener - Start find element by locator --->By.xpath: //*[text()='Search cars']
18:35:36.487 INFO  manager.MyListener - After find by --->By.xpath: //*[text()='Search cars']
