10:25:15.082 INFO  manager.ApplicationManager - Tests start in Chrome driver
10:25:16.918 INFO  manager.ApplicationManager - The link of project -->https://ilcarro-1578153671498.web.app/search
10:25:17.019 INFO  tests.TestBase - SL: Name of method--->registrationSuccessAuth
10:25:17.024 INFO  manager.MyListener - Start find element by locator --->By.xpath: //a[text()=' Logout ']
10:25:22.058 INFO  manager.MyListener - After find by --->By.xpath: //a[text()=' Logout ']
10:25:22.061 INFO  manager.MyListener - Start find element by locator --->By.xpath: //a[text()=' Sign up ']
10:25:22.095 INFO  manager.MyListener - After find by --->By.xpath: //a[text()=' Sign up ']
10:25:22.238 INFO  manager.MyListener - Start find element by locator --->By.id: name
10:25:22.282 INFO  manager.MyListener - After find by --->By.id: name
10:25:22.471 INFO  manager.MyListener - Start find element by locator --->By.id: lastName
10:25:22.505 INFO  manager.MyListener - After find by --->By.id: lastName
10:25:22.665 INFO  manager.MyListener - Start find element by locator --->By.id: email
10:25:22.687 INFO  manager.MyListener - After find by --->By.id: email
10:25:22.884 INFO  manager.MyListener - Start find element by locator --->By.id: password
10:25:22.913 INFO  manager.MyListener - After find by --->By.id: password
10:25:23.083 INFO  manager.MyListener - Start find element by locator --->By.cssSelector: label[for='terms-of-use']
10:25:23.104 INFO  manager.MyListener - After find by --->By.cssSelector: label[for='terms-of-use']
10:25:23.560 INFO  manager.MyListener - Start find element by locator --->By.cssSelector: button[type='submit']
10:25:23.579 INFO  manager.MyListener - After find by --->By.cssSelector: button[type='submit']
10:25:23.654 INFO  manager.MyListener - Start find element by locator --->By.cssSelector: .dialog-container
10:25:24.221 INFO  manager.MyListener - After find by --->By.cssSelector: .dialog-container
10:25:24.315 INFO  manager.MyListener - Start find element by locator --->By.cssSelector: .dialog-container h2
10:25:24.343 INFO  manager.MyListener - After find by --->By.cssSelector: .dialog-container h2
10:25:24.370 INFO  manager.MyListener - Start find element by locator --->By.xpath: //button[text()='Ok']
10:25:24.392 INFO  manager.MyListener - After find by --->By.xpath: //button[text()='Ok']
10:25:24.456 INFO  tests.TestBase - SL: Name of method--->registrationSuccessAuth
10:25:24.457 INFO  manager.MyListener - Start find element by locator --->By.xpath: //a[text()=' Logout ']
10:25:24.477 INFO  manager.MyListener - After find by --->By.xpath: //a[text()=' Logout ']
10:25:24.477 INFO  manager.MyListener - Start find element by locator --->By.xpath: //a[text()=' Logout ']
10:25:24.496 INFO  manager.MyListener - After find by --->By.xpath: //a[text()=' Logout ']
10:25:24.586 INFO  manager.MyListener - Start find element by locator --->By.xpath: //a[text()=' Sign up ']
10:25:24.601 INFO  manager.MyListener - After find by --->By.xpath: //a[text()=' Sign up ']
10:25:24.685 INFO  manager.MyListener - Start find element by locator --->By.id: name
10:25:24.709 INFO  manager.MyListener - After find by --->By.id: name
10:25:24.885 INFO  manager.MyListener - Start find element by locator --->By.id: lastName
10:25:24.912 INFO  manager.MyListener - After find by --->By.id: lastName
10:25:25.161 INFO  manager.MyListener - Start find element by locator --->By.id: email
10:25:25.192 INFO  manager.MyListener - After find by --->By.id: email
10:25:25.468 INFO  manager.MyListener - Start find element by locator --->By.id: password
10:25:25.484 INFO  manager.MyListener - After find by --->By.id: password
10:25:25.650 INFO  manager.MyListener - Start find element by locator --->By.cssSelector: label[for='terms-of-use']
10:25:25.672 INFO  manager.MyListener - After find by --->By.cssSelector: label[for='terms-of-use']
10:25:26.052 INFO  manager.MyListener - Start find element by locator --->By.cssSelector: button[type='submit']
10:25:26.084 INFO  manager.MyListener - After find by --->By.cssSelector: button[type='submit']
10:25:26.160 INFO  manager.MyListener - Start find element by locator --->By.cssSelector: .dialog-container
10:25:26.561 INFO  manager.MyListener - After find by --->By.cssSelector: .dialog-container
10:25:26.607 INFO  manager.MyListener - Start find element by locator --->By.cssSelector: .dialog-container h2
10:25:26.627 INFO  manager.MyListener - After find by --->By.cssSelector: .dialog-container h2
10:25:26.655 INFO  manager.MyListener - Start find element by locator --->By.xpath: //button[text()='Ok']
10:25:26.687 INFO  manager.MyListener - After find by --->By.xpath: //button[text()='Ok']
10:25:26.781 INFO  tests.TestBase - SL: Name of method--->registrationSuccessAuth
10:25:26.784 INFO  manager.MyListener - Start find element by locator --->By.xpath: //a[text()=' Logout ']
10:25:26.813 INFO  manager.MyListener - After find by --->By.xpath: //a[text()=' Logout ']
10:25:26.814 INFO  manager.MyListener - Start find element by locator --->By.xpath: //a[text()=' Logout ']
10:25:26.844 INFO  manager.MyListener - After find by --->By.xpath: //a[text()=' Logout ']
10:25:27.034 INFO  manager.MyListener - Start find element by locator --->By.xpath: //a[text()=' Sign up ']
10:25:27.063 INFO  manager.MyListener - After find by --->By.xpath: //a[text()=' Sign up ']
10:25:27.189 INFO  manager.MyListener - Start find element by locator --->By.id: name
10:25:27.215 INFO  manager.MyListener - After find by --->By.id: name
10:25:27.483 INFO  manager.MyListener - Start find element by locator --->By.id: lastName
10:25:27.512 INFO  manager.MyListener - After find by --->By.id: lastName
10:25:27.675 INFO  manager.MyListener - Start find element by locator --->By.id: email
10:25:27.694 INFO  manager.MyListener - After find by --->By.id: email
10:25:28.052 INFO  manager.MyListener - Start find element by locator --->By.id: password
10:25:28.081 INFO  manager.MyListener - After find by --->By.id: password
10:25:28.371 INFO  manager.MyListener - Start find element by locator --->By.cssSelector: label[for='terms-of-use']
10:25:28.401 INFO  manager.MyListener - After find by --->By.cssSelector: label[for='terms-of-use']
10:25:28.807 INFO  manager.MyListener - Start find element by locator --->By.cssSelector: button[type='submit']
10:25:28.833 INFO  manager.MyListener - After find by --->By.cssSelector: button[type='submit']
10:25:28.907 INFO  manager.MyListener - Start find element by locator --->By.cssSelector: .dialog-container
10:25:29.313 INFO  manager.MyListener - After find by --->By.cssSelector: .dialog-container
10:25:29.354 INFO  manager.MyListener - Start find element by locator --->By.cssSelector: .dialog-container h2
10:25:29.378 INFO  manager.MyListener - After find by --->By.cssSelector: .dialog-container h2
10:25:29.401 INFO  manager.MyListener - Start find element by locator --->By.xpath: //button[text()='Ok']
10:25:29.425 INFO  manager.MyListener - After find by --->By.xpath: //button[text()='Ok']
10:25:29.515 INFO  tests.TestBase - SL: Name of method--->registrationSuccessAuth
10:25:29.517 INFO  manager.MyListener - Start find element by locator --->By.xpath: //a[text()=' Logout ']
10:25:29.550 INFO  manager.MyListener - After find by --->By.xpath: //a[text()=' Logout ']
10:25:29.551 INFO  manager.MyListener - Start find element by locator --->By.xpath: //a[text()=' Logout ']
10:25:29.580 INFO  manager.MyListener - After find by --->By.xpath: //a[text()=' Logout ']
10:25:29.749 INFO  manager.MyListener - Start find element by locator --->By.xpath: //a[text()=' Sign up ']
10:25:29.768 INFO  manager.MyListener - After find by --->By.xpath: //a[text()=' Sign up ']
10:25:29.882 INFO  manager.MyListener - Start find element by locator --->By.id: name
10:25:29.912 INFO  manager.MyListener - After find by --->By.id: name
10:25:30.168 INFO  manager.MyListener - Start find element by locator --->By.id: lastName
10:25:30.191 INFO  manager.MyListener - After find by --->By.id: lastName
10:25:30.473 INFO  manager.MyListener - Start find element by locator --->By.id: email
10:25:30.500 INFO  manager.MyListener - After find by --->By.id: email
10:25:30.814 INFO  manager.MyListener - Start find element by locator --->By.id: password
10:25:30.841 INFO  manager.MyListener - After find by --->By.id: password
10:25:31.119 INFO  manager.MyListener - Start find element by locator --->By.cssSelector: label[for='terms-of-use']
10:25:31.153 INFO  manager.MyListener - After find by --->By.cssSelector: label[for='terms-of-use']
10:25:31.572 INFO  manager.MyListener - Start find element by locator --->By.cssSelector: button[type='submit']
10:25:31.600 INFO  manager.MyListener - After find by --->By.cssSelector: button[type='submit']
10:25:31.701 INFO  manager.MyListener - Start find element by locator --->By.cssSelector: .dialog-container
10:25:32.158 INFO  manager.MyListener - After find by --->By.cssSelector: .dialog-container
10:25:32.202 INFO  manager.MyListener - Start find element by locator --->By.cssSelector: .dialog-container h2
10:25:32.227 INFO  manager.MyListener - After find by --->By.cssSelector: .dialog-container h2
10:25:32.261 INFO  manager.MyListener - Start find element by locator --->By.xpath: //button[text()='Ok']
10:25:32.288 INFO  manager.MyListener - After find by --->By.xpath: //button[text()='Ok']
