19:43:28.898 INFO  manager.ApplicationManager - Tests start in Chrome driver
19:43:30.121 INFO  manager.ApplicationManager - The link of project -->https://ilcarro-1578153671498.web.app/search
19:43:30.149 INFO  tests.TestBase - SL: Name of method--->loginSuccessAuth
19:43:30.151 INFO  manager.MyListener - Start find element by locator --->By.xpath: //a[text()=' Logout ']
19:43:35.192 INFO  manager.MyListener - After find by --->By.xpath: //a[text()=' Logout ']
19:43:35.194 INFO  tests.TestBase - Name of method is loginSuccessAuth: 
19:43:35.194 INFO  tests.TestBase - Test start with data: noa@gmail.com     Nnoa12345$
19:43:35.194 INFO  manager.MyListener - Start find element by locator --->By.cssSelector: [href^='/login']
19:43:35.211 INFO  manager.MyListener - After find by --->By.cssSelector: [href^='/login']
19:43:35.294 INFO  manager.MyListener - Start find element by locator --->By.id: email
19:43:35.319 INFO  manager.MyListener - After find by --->By.id: email
19:43:35.489 INFO  manager.MyListener - Start find element by locator --->By.id: password
19:43:35.506 INFO  manager.MyListener - After find by --->By.id: password
19:43:35.621 INFO  manager.MyListener - Start find element by locator --->By.cssSelector: button[type='submit']
19:43:35.643 INFO  manager.MyListener - After find by --->By.cssSelector: button[type='submit']
19:43:35.705 INFO  manager.MyListener - Start find element by locator --->By.cssSelector: .dialog-container
19:43:36.533 INFO  manager.MyListener - After find by --->By.cssSelector: .dialog-container
19:43:36.587 INFO  manager.MyListener - Start find element by locator --->By.cssSelector: .dialog-container h2
19:43:36.616 INFO  manager.MyListener - After find by --->By.cssSelector: .dialog-container h2
19:43:36.632 INFO  tests.TestBase - Assert check message: "Logged in success"
19:43:36.632 INFO  manager.MyListener - Start find element by locator --->By.xpath: //button[text()='Ok']
19:43:36.648 INFO  manager.MyListener - After find by --->By.xpath: //button[text()='Ok']
19:43:36.686 INFO  tests.TestBase - SL: Name of method--->loginSuccessAuth
19:43:36.687 INFO  manager.MyListener - Start find element by locator --->By.xpath: //a[text()=' Logout ']
19:43:36.704 INFO  manager.MyListener - After find by --->By.xpath: //a[text()=' Logout ']
19:43:36.704 INFO  manager.MyListener - Start find element by locator --->By.xpath: //a[text()=' Logout ']
19:43:36.723 INFO  manager.MyListener - After find by --->By.xpath: //a[text()=' Logout ']
19:43:36.790 INFO  tests.TestBase - Name of method is loginSuccessAuth: 
19:43:36.790 INFO  tests.TestBase - Test start with data: noa@gmail.com     Nnoa12345$
19:43:36.790 INFO  manager.MyListener - Start find element by locator --->By.cssSelector: [href^='/login']
19:43:36.824 INFO  manager.MyListener - After find by --->By.cssSelector: [href^='/login']
19:43:36.889 INFO  manager.MyListener - Start find element by locator --->By.id: email
19:43:36.906 INFO  manager.MyListener - After find by --->By.id: email
19:43:37.046 INFO  manager.MyListener - Start find element by locator --->By.id: password
19:43:37.060 INFO  manager.MyListener - After find by --->By.id: password
19:43:37.178 INFO  manager.MyListener - Start find element by locator --->By.cssSelector: button[type='submit']
19:43:37.202 INFO  manager.MyListener - After find by --->By.cssSelector: button[type='submit']
19:43:37.252 INFO  manager.MyListener - Start find element by locator --->By.cssSelector: .dialog-container
19:43:37.823 INFO  manager.MyListener - After find by --->By.cssSelector: .dialog-container
19:43:37.859 INFO  manager.MyListener - Start find element by locator --->By.cssSelector: .dialog-container h2
19:43:37.870 INFO  manager.MyListener - After find by --->By.cssSelector: .dialog-container h2
19:43:37.884 INFO  tests.TestBase - Assert check message: "Logged in success"
19:43:37.885 INFO  manager.MyListener - Start find element by locator --->By.xpath: //button[text()='Ok']
19:43:37.901 INFO  manager.MyListener - After find by --->By.xpath: //button[text()='Ok']
19:43:37.954 INFO  tests.TestBase - SL: Name of method--->loginSuccessAuth
19:43:37.954 INFO  manager.MyListener - Start find element by locator --->By.xpath: //a[text()=' Logout ']
19:43:37.964 INFO  manager.MyListener - After find by --->By.xpath: //a[text()=' Logout ']
19:43:37.964 INFO  manager.MyListener - Start find element by locator --->By.xpath: //a[text()=' Logout ']
19:43:37.978 INFO  manager.MyListener - After find by --->By.xpath: //a[text()=' Logout ']
19:43:38.053 INFO  tests.TestBase - Name of method is loginSuccessAuth: 
19:43:38.054 INFO  tests.TestBase - Test start with data: noa@gmail.com     Nnoa12345$
19:43:38.054 INFO  manager.MyListener - Start find element by locator --->By.cssSelector: [href^='/login']
19:43:38.072 INFO  manager.MyListener - After find by --->By.cssSelector: [href^='/login']
19:43:38.128 INFO  manager.MyListener - Start find element by locator --->By.id: email
19:43:38.151 INFO  manager.MyListener - After find by --->By.id: email
19:43:38.279 INFO  manager.MyListener - Start find element by locator --->By.id: password
19:43:38.304 INFO  manager.MyListener - After find by --->By.id: password
19:43:38.428 INFO  manager.MyListener - Start find element by locator --->By.cssSelector: button[type='submit']
19:43:38.444 INFO  manager.MyListener - After find by --->By.cssSelector: button[type='submit']
19:43:38.497 INFO  manager.MyListener - Start find element by locator --->By.cssSelector: .dialog-container
19:43:39.015 INFO  manager.MyListener - After find by --->By.cssSelector: .dialog-container
19:43:39.035 INFO  manager.MyListener - Start find element by locator --->By.cssSelector: .dialog-container h2
19:43:39.046 INFO  manager.MyListener - After find by --->By.cssSelector: .dialog-container h2
19:43:39.062 INFO  tests.TestBase - Assert check message: "Logged in success"
19:43:39.062 INFO  manager.MyListener - Start find element by locator --->By.xpath: //button[text()='Ok']
19:43:39.076 INFO  manager.MyListener - After find by --->By.xpath: //button[text()='Ok']
19:43:39.119 INFO  tests.TestBase - SL: Name of method--->loginSuccessAuth
19:43:39.120 INFO  manager.MyListener - Start find element by locator --->By.xpath: //a[text()=' Logout ']
19:43:39.139 INFO  manager.MyListener - After find by --->By.xpath: //a[text()=' Logout ']
19:43:39.139 INFO  manager.MyListener - Start find element by locator --->By.xpath: //a[text()=' Logout ']
19:43:39.155 INFO  manager.MyListener - After find by --->By.xpath: //a[text()=' Logout ']
19:43:39.223 INFO  tests.TestBase - Name of method is loginSuccessAuth: 
19:43:39.223 INFO  tests.TestBase - Test start with data: noa@gmail.com     Nnoa12345$
19:43:39.224 INFO  manager.MyListener - Start find element by locator --->By.cssSelector: [href^='/login']
19:43:39.248 INFO  manager.MyListener - After find by --->By.cssSelector: [href^='/login']
19:43:39.299 INFO  manager.MyListener - Start find element by locator --->By.id: email
19:43:39.310 INFO  manager.MyListener - After find by --->By.id: email
19:43:39.452 INFO  manager.MyListener - Start find element by locator --->By.id: password
19:43:39.468 INFO  manager.MyListener - After find by --->By.id: password
19:43:39.590 INFO  manager.MyListener - Start find element by locator --->By.cssSelector: button[type='submit']
19:43:39.608 INFO  manager.MyListener - After find by --->By.cssSelector: button[type='submit']
19:43:39.655 INFO  manager.MyListener - Start find element by locator --->By.cssSelector: .dialog-container
19:43:40.225 INFO  manager.MyListener - After find by --->By.cssSelector: .dialog-container
19:43:40.246 INFO  manager.MyListener - Start find element by locator --->By.cssSelector: .dialog-container h2
19:43:40.258 INFO  manager.MyListener - After find by --->By.cssSelector: .dialog-container h2
19:43:40.272 INFO  tests.TestBase - Assert check message: "Logged in success"
19:43:40.273 INFO  manager.MyListener - Start find element by locator --->By.xpath: //button[text()='Ok']
19:43:40.289 INFO  manager.MyListener - After find by --->By.xpath: //button[text()='Ok']
19:43:40.332 INFO  tests.TestBase - SL: Name of method--->loginSuccessUser
19:43:40.332 INFO  manager.MyListener - Start find element by locator --->By.xpath: //a[text()=' Logout ']
19:43:40.351 INFO  manager.MyListener - After find by --->By.xpath: //a[text()=' Logout ']
19:43:40.352 INFO  manager.MyListener - Start find element by locator --->By.xpath: //a[text()=' Logout ']
19:43:40.366 INFO  manager.MyListener - After find by --->By.xpath: //a[text()=' Logout ']
19:43:40.435 INFO  tests.TestBase - Test start with data: "noa@gmail.com", "Nnoa12345$"
19:43:40.436 INFO  manager.MyListener - Start find element by locator --->By.cssSelector: [href^='/login']
19:43:40.458 INFO  manager.MyListener - After find by --->By.cssSelector: [href^='/login']
19:43:40.526 INFO  manager.MyListener - Start find element by locator --->By.id: email
19:43:40.537 INFO  manager.MyListener - After find by --->By.id: email
19:43:40.688 INFO  manager.MyListener - Start find element by locator --->By.id: password
19:43:40.708 INFO  manager.MyListener - After find by --->By.id: password
19:43:40.837 INFO  manager.MyListener - Start find element by locator --->By.cssSelector: button[type='submit']
19:43:40.850 INFO  manager.MyListener - After find by --->By.cssSelector: button[type='submit']
19:43:40.902 INFO  manager.MyListener - Start find element by locator --->By.cssSelector: .dialog-container
19:43:41.368 INFO  manager.MyListener - After find by --->By.cssSelector: .dialog-container
19:43:41.390 INFO  manager.MyListener - Start find element by locator --->By.cssSelector: .dialog-container h2
19:43:41.403 INFO  manager.MyListener - After find by --->By.cssSelector: .dialog-container h2
19:43:41.417 INFO  tests.TestBase - Assert check message: "Logged in success"
19:43:41.418 INFO  manager.MyListener - Start find element by locator --->By.xpath: //button[text()='Ok']
19:43:41.436 INFO  manager.MyListener - After find by --->By.xpath: //button[text()='Ok']
19:43:41.476 INFO  tests.TestBase - SL: Name of method--->loginSuccessUser
19:43:41.476 INFO  manager.MyListener - Start find element by locator --->By.xpath: //a[text()=' Logout ']
19:43:41.497 INFO  manager.MyListener - After find by --->By.xpath: //a[text()=' Logout ']
19:43:41.498 INFO  manager.MyListener - Start find element by locator --->By.xpath: //a[text()=' Logout ']
19:43:41.511 INFO  manager.MyListener - After find by --->By.xpath: //a[text()=' Logout ']
19:43:41.574 INFO  tests.TestBase - Test start with data: "noa@gmail.com", "Nnoa12345$"
19:43:41.574 INFO  manager.MyListener - Start find element by locator --->By.cssSelector: [href^='/login']
19:43:41.589 INFO  manager.MyListener - After find by --->By.cssSelector: [href^='/login']
19:43:41.642 INFO  manager.MyListener - Start find element by locator --->By.id: email
19:43:41.652 INFO  manager.MyListener - After find by --->By.id: email
19:43:41.788 INFO  manager.MyListener - Start find element by locator --->By.id: password
19:43:41.807 INFO  manager.MyListener - After find by --->By.id: password
19:43:41.934 INFO  manager.MyListener - Start find element by locator --->By.cssSelector: button[type='submit']
19:43:41.950 INFO  manager.MyListener - After find by --->By.cssSelector: button[type='submit']
19:43:41.991 INFO  manager.MyListener - Start find element by locator --->By.cssSelector: .dialog-container
19:43:42.506 INFO  manager.MyListener - After find by --->By.cssSelector: .dialog-container
19:43:42.539 INFO  manager.MyListener - Start find element by locator --->By.cssSelector: .dialog-container h2
19:43:42.552 INFO  manager.MyListener - After find by --->By.cssSelector: .dialog-container h2
19:43:42.566 INFO  tests.TestBase - Assert check message: "Logged in success"
19:43:42.566 INFO  manager.MyListener - Start find element by locator --->By.xpath: //button[text()='Ok']
19:43:42.582 INFO  manager.MyListener - After find by --->By.xpath: //button[text()='Ok']
19:43:42.622 INFO  tests.TestBase - SL: Name of method--->loginSuccessUser
19:43:42.623 INFO  manager.MyListener - Start find element by locator --->By.xpath: //a[text()=' Logout ']
19:43:42.641 INFO  manager.MyListener - After find by --->By.xpath: //a[text()=' Logout ']
19:43:42.641 INFO  manager.MyListener - Start find element by locator --->By.xpath: //a[text()=' Logout ']
19:43:42.657 INFO  manager.MyListener - After find by --->By.xpath: //a[text()=' Logout ']
19:43:42.723 INFO  tests.TestBase - Test start with data: "noa@gmail.com", "Nnoa12345$"
19:43:42.723 INFO  manager.MyListener - Start find element by locator --->By.cssSelector: [href^='/login']
19:43:42.737 INFO  manager.MyListener - After find by --->By.cssSelector: [href^='/login']
19:43:42.787 INFO  manager.MyListener - Start find element by locator --->By.id: email
19:43:42.798 INFO  manager.MyListener - After find by --->By.id: email
19:43:42.936 INFO  manager.MyListener - Start find element by locator --->By.id: password
19:43:42.954 INFO  manager.MyListener - After find by --->By.id: password
19:43:43.078 INFO  manager.MyListener - Start find element by locator --->By.cssSelector: button[type='submit']
19:43:43.098 INFO  manager.MyListener - After find by --->By.cssSelector: button[type='submit']
19:43:43.145 INFO  manager.MyListener - Start find element by locator --->By.cssSelector: .dialog-container
19:43:43.653 INFO  manager.MyListener - After find by --->By.cssSelector: .dialog-container
19:43:43.672 INFO  manager.MyListener - Start find element by locator --->By.cssSelector: .dialog-container h2
19:43:43.686 INFO  manager.MyListener - After find by --->By.cssSelector: .dialog-container h2
19:43:43.701 INFO  tests.TestBase - Assert check message: "Logged in success"
19:43:43.702 INFO  manager.MyListener - Start find element by locator --->By.xpath: //button[text()='Ok']
19:43:43.720 INFO  manager.MyListener - After find by --->By.xpath: //button[text()='Ok']
