18:21:51.896 INFO  manager.ApplicationManager - Tests start in Chrome driver
18:21:53.751 INFO  manager.ApplicationManager - The link of project -->https://ilcarro-1578153671498.web.app/search
18:21:53.849 INFO  tests.TestBase - SL: Name of method--->searchPeriodAnyDataInFuture
18:21:53.855 INFO  manager.MyListener - Start find element by locator --->By.id: city
18:21:53.899 INFO  manager.MyListener - After find by --->By.id: city
18:21:54.257 INFO  manager.MyListener - Start find element by locator --->By.cssSelector: .pac-item
18:21:54.646 INFO  manager.MyListener - After find by --->By.cssSelector: .pac-item
18:21:55.323 INFO  manager.MyListener - Start find element by locator --->By.id: dates
18:21:55.372 INFO  manager.MyListener - After find by --->By.id: dates
18:21:55.640 INFO  manager.MyListener - Start find element by locator --->By.xpath: //div[text()=' 30 ']
18:21:55.695 INFO  manager.MyListener - After find by --->By.xpath: //div[text()=' 30 ']
18:21:55.857 INFO  manager.MyListener - Start find element by locator --->By.cssSelector: button[aria-label='Next month']
18:21:55.900 INFO  manager.MyListener - After find by --->By.cssSelector: button[aria-label='Next month']
18:21:56.053 INFO  manager.MyListener - Start find element by locator --->By.cssSelector: button[aria-label='Next month']
18:21:56.087 INFO  manager.MyListener - After find by --->By.cssSelector: button[aria-label='Next month']
18:21:56.234 INFO  manager.MyListener - Start find element by locator --->By.cssSelector: button[aria-label='Next month']
18:21:56.268 INFO  manager.MyListener - After find by --->By.cssSelector: button[aria-label='Next month']
18:21:56.395 INFO  manager.MyListener - Start find element by locator --->By.cssSelector: button[aria-label='Next month']
18:21:56.426 INFO  manager.MyListener - After find by --->By.cssSelector: button[aria-label='Next month']
18:21:56.562 INFO  manager.MyListener - Start find element by locator --->By.cssSelector: button[aria-label='Next month']
18:21:56.599 INFO  manager.MyListener - After find by --->By.cssSelector: button[aria-label='Next month']
18:21:56.719 INFO  manager.MyListener - Start find element by locator --->By.cssSelector: button[aria-label='Next month']
18:21:56.754 INFO  manager.MyListener - After find by --->By.cssSelector: button[aria-label='Next month']
18:21:56.888 INFO  manager.MyListener - Start find element by locator --->By.cssSelector: button[aria-label='Next month']
18:21:56.913 INFO  manager.MyListener - After find by --->By.cssSelector: button[aria-label='Next month']
18:21:57.034 INFO  manager.MyListener - Start find element by locator --->By.cssSelector: button[aria-label='Next month']
18:21:57.066 INFO  manager.MyListener - After find by --->By.cssSelector: button[aria-label='Next month']
18:21:57.207 INFO  manager.MyListener - Start find element by locator --->By.cssSelector: button[aria-label='Next month']
18:21:57.239 INFO  manager.MyListener - After find by --->By.cssSelector: button[aria-label='Next month']
18:21:57.366 INFO  manager.MyListener - Start find element by locator --->By.cssSelector: button[aria-label='Next month']
18:21:57.405 INFO  manager.MyListener - After find by --->By.cssSelector: button[aria-label='Next month']
18:21:57.547 INFO  manager.MyListener - Start find element by locator --->By.cssSelector: button[aria-label='Next month']
18:21:57.574 INFO  manager.MyListener - After find by --->By.cssSelector: button[aria-label='Next month']
18:21:57.712 INFO  manager.MyListener - Start find element by locator --->By.xpath: //div[text()=' 22 ']
18:21:57.759 INFO  manager.MyListener - After find by --->By.xpath: //div[text()=' 22 ']
18:21:57.936 INFO  manager.MyListener - Start find element by locator --->By.cssSelector: button[type='submit']
18:21:57.989 INFO  manager.MyListener - After find by --->By.cssSelector: button[type='submit']
18:21:58.971 INFO  manager.MyListener - Start find element by locator --->By.cssSelector: .search-results
18:21:59.166 INFO  manager.MyListener - After find by --->By.cssSelector: .search-results
18:21:59.179 INFO  manager.MyListener - Start find element by locator --->By.id: dates
18:22:04.266 INFO  manager.MyListener - We have a problem --->https://ilcarro-1578153671498.web.app/search/results?city=Haifa&startDate=2022-06-30%2000:00&endDate=2023-05-22%2000:00
18:22:04.267 INFO  manager.MyListener - We have a problem --->no such element: Unable to locate element: {"method":"css selector","selector":"#dates"}
  (Session info: chrome=102.0.5005.63)
For documentation on this error, please visit: https://www.seleniumhq.org/exceptions/no_such_element.html
Build info: version: '3.141.59', revision: 'e82be7d358', time: '2018-11-14T08:17:03'
System info: host: 'KDFX-PC', ip: '172.16.0.178', os.name: 'Windows 10', os.arch: 'amd64', os.version: '10.0', java.version: '1.8.0_321'
Driver info: org.openqa.selenium.chrome.ChromeDriver
Capabilities {acceptInsecureCerts: false, browserName: chrome, browserVersion: 102.0.5005.63, chrome: {chromedriverVersion: 101.0.4951.41 (93c720db8323..., userDataDir: C:\Users\KDFXTE~1\AppData\L...}, goog:chromeOptions: {debuggerAddress: localhost:54552}, javascriptEnabled: true, networkConnectionEnabled: false, pageLoadStrategy: normal, platform: WINDOWS, platformName: WINDOWS, proxy: Proxy(), setWindowRect: true, strictFileInteractability: false, timeouts: {implicit: 0, pageLoad: 300000, script: 30000}, unhandledPromptBehavior: dismiss and notify, webauthn:extension:credBlob: true, webauthn:extension:largeBlob: true, webauthn:virtualAuthenticators: true}
Session ID: 3c3efdea385d3bee26fc40de1e1d497a
*** Element info: {Using=id, value=dates}
18:22:04.269 INFO  manager.MyListener - We have a problem --->org.openqa.selenium.NoSuchElementException: no such element: Unable to locate element: {"method":"css selector","selector":"#dates"}
  (Session info: chrome=102.0.5005.63)
For documentation on this error, please visit: https://www.seleniumhq.org/exceptions/no_such_element.html
Build info: version: '3.141.59', revision: 'e82be7d358', time: '2018-11-14T08:17:03'
System info: host: 'KDFX-PC', ip: '172.16.0.178', os.name: 'Windows 10', os.arch: 'amd64', os.version: '10.0', java.version: '1.8.0_321'
Driver info: org.openqa.selenium.chrome.ChromeDriver
Capabilities {acceptInsecureCerts: false, browserName: chrome, browserVersion: 102.0.5005.63, chrome: {chromedriverVersion: 101.0.4951.41 (93c720db8323..., userDataDir: C:\Users\KDFXTE~1\AppData\L...}, goog:chromeOptions: {debuggerAddress: localhost:54552}, javascriptEnabled: true, networkConnectionEnabled: false, pageLoadStrategy: normal, platform: WINDOWS, platformName: WINDOWS, proxy: Proxy(), setWindowRect: true, strictFileInteractability: false, timeouts: {implicit: 0, pageLoad: 300000, script: 30000}, unhandledPromptBehavior: dismiss and notify, webauthn:extension:credBlob: true, webauthn:extension:largeBlob: true, webauthn:virtualAuthenticators: true}
Session ID: 3c3efdea385d3bee26fc40de1e1d497a
*** Element info: {Using=id, value=dates}
