18:06:29.847 INFO  manager.ApplicationManager - Tests start in Chrome driver
18:06:31.071 INFO  manager.ApplicationManager - The link of project -->https://ilcarro-1578153671498.web.app/search
18:06:31.100 INFO  tests.TestBase - SL: Name of method--->addNewCarSuccess
18:06:31.102 INFO  manager.MyListener - Start find element by locator --->By.xpath: //a[text()=' Logout ']
18:06:36.116 INFO  manager.MyListener - After find by --->By.xpath: //a[text()=' Logout ']
18:06:36.118 INFO  manager.MyListener - Start find element by locator --->By.cssSelector: [href^='/login']
18:06:36.135 INFO  manager.MyListener - After find by --->By.cssSelector: [href^='/login']
18:06:36.214 INFO  manager.MyListener - Start find element by locator --->By.id: email
18:06:36.244 INFO  manager.MyListener - After find by --->By.id: email
18:06:36.412 INFO  manager.MyListener - Start find element by locator --->By.id: password
18:06:36.426 INFO  manager.MyListener - After find by --->By.id: password
18:06:36.543 INFO  manager.MyListener - Start find element by locator --->By.cssSelector: button[type='submit']
18:06:36.569 INFO  manager.MyListener - After find by --->By.cssSelector: button[type='submit']
18:06:36.625 INFO  manager.MyListener - Start find element by locator --->By.xpath: //button[text()='Ok']
18:06:38.128 INFO  manager.MyListener - After find by --->By.xpath: //button[text()='Ok']
18:06:38.686 INFO  tests.TestBase - Tests start with car ---> Car(address=Tel Aviv,Israel, make=BMW, model=M5, year=2018, engine=2.5, fuel=Electric, gear=MT, wD=AWD, doors=4, seats=5, carClass=C, fuelConsumption=6.5, carRegNumber=922-00-672, price=80, distanceIncluded=700, features=type of features, about=very nice car)
18:06:38.687 INFO  manager.MyListener - Start find element by locator --->By.id: 1
18:06:38.712 INFO  manager.MyListener - After find by --->By.id: 1
18:06:38.784 INFO  manager.MyListener - Start find element by locator --->By.id: pickUpPlace
18:06:38.804 INFO  manager.MyListener - After find by --->By.id: pickUpPlace
18:06:39.474 INFO  manager.MyListener - Start find element by locator --->By.cssSelector: .pac-item
18:06:39.503 INFO  manager.MyListener - After find by --->By.cssSelector: .pac-item
18:06:40.049 INFO  manager.MyListener - Start find element by locator --->By.id: make
18:06:40.091 INFO  manager.MyListener - After find by --->By.id: make
18:06:40.217 INFO  manager.MyListener - Start find element by locator --->By.id: model
18:06:40.232 INFO  manager.MyListener - After find by --->By.id: model
18:06:40.348 INFO  manager.MyListener - Start find element by locator --->By.id: year
18:06:40.370 INFO  manager.MyListener - After find by --->By.id: year
18:06:40.529 INFO  manager.MyListener - Start find element by locator --->By.id: engine
18:06:40.557 INFO  manager.MyListener - After find by --->By.id: engine
18:06:40.699 INFO  manager.MyListener - Start find element by locator --->By.id: fuel
18:06:40.711 INFO  manager.MyListener - After find by --->By.id: fuel
18:06:40.741 INFO  manager.MyListener - Start find element by locator --->By.xpath: .//option[@value = "Electric"]
18:06:40.760 INFO  manager.MyListener - After find by --->By.xpath: .//option[@value = "Electric"]
18:06:40.805 INFO  manager.MyListener - Start find element by locator --->By.id: gear
18:06:40.824 INFO  manager.MyListener - After find by --->By.id: gear
18:06:40.853 INFO  manager.MyListener - Start find element by locator --->By.xpath: .//option[@value = "MT"]
18:06:40.871 INFO  manager.MyListener - After find by --->By.xpath: .//option[@value = "MT"]
18:06:40.918 INFO  manager.MyListener - Start find element by locator --->By.id: wheelsDrive
18:06:40.934 INFO  manager.MyListener - After find by --->By.id: wheelsDrive
18:06:40.960 INFO  manager.MyListener - Start find element by locator --->By.xpath: .//option[@value = "AWD"]
18:06:40.979 INFO  manager.MyListener - After find by --->By.xpath: .//option[@value = "AWD"]
18:06:41.019 INFO  manager.MyListener - Start find element by locator --->By.id: doors
18:06:41.041 INFO  manager.MyListener - After find by --->By.id: doors
18:06:41.190 INFO  manager.MyListener - Start find element by locator --->By.id: seats
18:06:41.212 INFO  manager.MyListener - After find by --->By.id: seats
18:06:41.356 INFO  manager.MyListener - Start find element by locator --->By.id: class
18:06:41.395 INFO  manager.MyListener - After find by --->By.id: class
18:06:41.507 INFO  manager.MyListener - Start find element by locator --->By.id: fuelConsumption
18:06:41.523 INFO  manager.MyListener - After find by --->By.id: fuelConsumption
18:06:41.672 INFO  manager.MyListener - Start find element by locator --->By.id: serialNumber
18:06:41.693 INFO  manager.MyListener - After find by --->By.id: serialNumber
18:06:41.825 INFO  manager.MyListener - Start find element by locator --->By.id: price
18:06:41.844 INFO  manager.MyListener - After find by --->By.id: price
18:06:41.984 INFO  manager.MyListener - Start find element by locator --->By.id: distance
18:06:42.001 INFO  manager.MyListener - After find by --->By.id: distance
18:06:42.148 INFO  manager.MyListener - Start find element by locator --->By.cssSelector: input[placeholder='Type feature']
18:06:42.172 INFO  manager.MyListener - After find by --->By.cssSelector: input[placeholder='Type feature']
18:06:42.307 INFO  manager.MyListener - Start find element by locator --->By.id: about
18:06:42.326 INFO  manager.MyListener - After find by --->By.id: about
18:06:42.446 INFO  manager.MyListener - Start find element by locator --->By.id: photos
18:06:42.480 INFO  manager.MyListener - After find by --->By.id: photos
18:06:42.540 INFO  manager.MyListener - Start find element by locator --->By.xpath: //button[text()='Submit']
18:06:42.561 INFO  manager.MyListener - After find by --->By.xpath: //button[text()='Submit']
18:06:43.688 INFO  manager.MyListener - Start find element by locator --->By.xpath: //button[text()='Submit']
18:06:43.708 INFO  manager.MyListener - After find by --->By.xpath: //button[text()='Submit']
18:06:43.755 INFO  manager.MyListener - Start find element by locator --->By.cssSelector: .dialog-container
18:06:45.102 INFO  manager.MyListener - After find by --->By.cssSelector: .dialog-container
18:06:45.122 INFO  manager.MyListener - Start find element by locator --->By.cssSelector: .dialog-container h1
18:06:45.138 INFO  manager.MyListener - After find by --->By.cssSelector: .dialog-container h1
18:06:45.153 INFO  manager.MyListener - Start find element by locator --->By.xpath: //*[text()='Search cars']
18:06:45.170 INFO  manager.MyListener - After find by --->By.xpath: //*[text()='Search cars']
18:06:45.212 INFO  tests.TestBase - SL: Name of method--->addNewCarSuccess
18:06:45.214 INFO  manager.MyListener - Start find element by locator --->By.xpath: //a[text()=' Logout ']
18:06:45.232 INFO  manager.MyListener - After find by --->By.xpath: //a[text()=' Logout ']
18:06:45.232 INFO  tests.TestBase - Tests start with car ---> Car(address=Tel Aviv,Israel, make=BMW, model=M5, year=2018, engine=2.5, fuel=Electric, gear=MT, wD=AWD, doors=4, seats=5, carClass=C, fuelConsumption=6.5, carRegNumber=923-00-672, price=80, distanceIncluded=700, features=type of features, about=very nice car)
18:06:45.233 INFO  manager.MyListener - Start find element by locator --->By.id: 1
18:06:45.245 INFO  manager.MyListener - After find by --->By.id: 1
18:06:45.366 INFO  manager.MyListener - Start find element by locator --->By.id: pickUpPlace
18:06:45.389 INFO  manager.MyListener - After find by --->By.id: pickUpPlace
18:06:46.031 INFO  manager.MyListener - Start find element by locator --->By.cssSelector: .pac-item
18:06:46.075 INFO  manager.MyListener - After find by --->By.cssSelector: .pac-item
18:06:46.623 INFO  manager.MyListener - Start find element by locator --->By.id: make
18:06:46.658 INFO  manager.MyListener - After find by --->By.id: make
18:06:46.778 INFO  manager.MyListener - Start find element by locator --->By.id: model
18:06:46.789 INFO  manager.MyListener - After find by --->By.id: model
18:06:46.898 INFO  manager.MyListener - Start find element by locator --->By.id: year
18:06:46.912 INFO  manager.MyListener - After find by --->By.id: year
18:06:47.037 INFO  manager.MyListener - Start find element by locator --->By.id: engine
18:06:47.051 INFO  manager.MyListener - After find by --->By.id: engine
18:06:47.167 INFO  manager.MyListener - Start find element by locator --->By.id: fuel
18:06:47.189 INFO  manager.MyListener - After find by --->By.id: fuel
18:06:47.203 INFO  manager.MyListener - Start find element by locator --->By.xpath: .//option[@value = "Electric"]
18:06:47.223 INFO  manager.MyListener - After find by --->By.xpath: .//option[@value = "Electric"]
18:06:47.267 INFO  manager.MyListener - Start find element by locator --->By.id: gear
18:06:47.283 INFO  manager.MyListener - After find by --->By.id: gear
18:06:47.300 INFO  manager.MyListener - Start find element by locator --->By.xpath: .//option[@value = "MT"]
18:06:47.320 INFO  manager.MyListener - After find by --->By.xpath: .//option[@value = "MT"]
18:06:47.363 INFO  manager.MyListener - Start find element by locator --->By.id: wheelsDrive
18:06:47.383 INFO  manager.MyListener - After find by --->By.id: wheelsDrive
18:06:47.407 INFO  manager.MyListener - Start find element by locator --->By.xpath: .//option[@value = "AWD"]
18:06:47.426 INFO  manager.MyListener - After find by --->By.xpath: .//option[@value = "AWD"]
18:06:47.470 INFO  manager.MyListener - Start find element by locator --->By.id: doors
18:06:47.484 INFO  manager.MyListener - After find by --->By.id: doors
18:06:47.629 INFO  manager.MyListener - Start find element by locator --->By.id: seats
18:06:47.640 INFO  manager.MyListener - After find by --->By.id: seats
18:06:47.788 INFO  manager.MyListener - Start find element by locator --->By.id: class
18:06:47.814 INFO  manager.MyListener - After find by --->By.id: class
18:06:47.955 INFO  manager.MyListener - Start find element by locator --->By.id: fuelConsumption
18:06:47.970 INFO  manager.MyListener - After find by --->By.id: fuelConsumption
18:06:48.122 INFO  manager.MyListener - Start find element by locator --->By.id: serialNumber
18:06:48.136 INFO  manager.MyListener - After find by --->By.id: serialNumber
18:06:48.263 INFO  manager.MyListener - Start find element by locator --->By.id: price
18:06:48.280 INFO  manager.MyListener - After find by --->By.id: price
18:06:48.421 INFO  manager.MyListener - Start find element by locator --->By.id: distance
18:06:48.434 INFO  manager.MyListener - After find by --->By.id: distance
18:06:48.581 INFO  manager.MyListener - Start find element by locator --->By.cssSelector: input[placeholder='Type feature']
18:06:48.589 INFO  manager.MyListener - After find by --->By.cssSelector: input[placeholder='Type feature']
18:06:48.735 INFO  manager.MyListener - Start find element by locator --->By.id: about
18:06:48.763 INFO  manager.MyListener - After find by --->By.id: about
18:06:48.889 INFO  manager.MyListener - Start find element by locator --->By.id: photos
18:06:48.907 INFO  manager.MyListener - After find by --->By.id: photos
18:06:48.939 INFO  manager.MyListener - Start find element by locator --->By.xpath: //button[text()='Submit']
18:06:48.984 INFO  manager.MyListener - After find by --->By.xpath: //button[text()='Submit']
18:06:50.112 INFO  manager.MyListener - Start find element by locator --->By.xpath: //button[text()='Submit']
18:06:50.131 INFO  manager.MyListener - After find by --->By.xpath: //button[text()='Submit']
18:06:50.184 INFO  manager.MyListener - Start find element by locator --->By.cssSelector: .dialog-container
18:06:51.509 INFO  manager.MyListener - After find by --->By.cssSelector: .dialog-container
18:06:51.527 INFO  manager.MyListener - Start find element by locator --->By.cssSelector: .dialog-container h1
18:06:51.539 INFO  manager.MyListener - After find by --->By.cssSelector: .dialog-container h1
18:06:51.554 INFO  manager.MyListener - Start find element by locator --->By.xpath: //*[text()='Search cars']
18:06:51.571 INFO  manager.MyListener - After find by --->By.xpath: //*[text()='Search cars']
