19:40:23.591 INFO  manager.ApplicationManager - Tests start in Chrome driver
19:40:24.940 INFO  manager.ApplicationManager - The link of project -->https://ilcarro-1578153671498.web.app/search
19:40:24.972 INFO  tests.TestBase - SL: Name of method--->loginSuccessAuth
19:40:24.974 INFO  manager.MyListener - Start find element by locator --->By.xpath: //a[text()=' Logout ']
19:40:30.047 INFO  manager.MyListener - After find by --->By.xpath: //a[text()=' Logout ']
19:40:30.049 INFO  tests.TestBase - Name of method is loginSuccessAuth: 
19:40:30.049 INFO  tests.TestBase - Test start with data: noa@gmail.com     Nnoa12345$
19:40:30.049 INFO  manager.MyListener - Start find element by locator --->By.cssSelector: [href^='/login']
19:40:30.065 INFO  manager.MyListener - After find by --->By.cssSelector: [href^='/login']
19:40:30.148 INFO  manager.MyListener - Start find element by locator --->By.id: email
19:40:30.172 INFO  manager.MyListener - After find by --->By.id: email
19:40:30.328 INFO  manager.MyListener - Start find element by locator --->By.id: password
19:40:30.354 INFO  manager.MyListener - After find by --->By.id: password
19:40:30.505 INFO  manager.MyListener - Start find element by locator --->By.cssSelector: button[type='submit']
19:40:30.530 INFO  manager.MyListener - After find by --->By.cssSelector: button[type='submit']
19:40:30.608 INFO  manager.MyListener - Start find element by locator --->By.cssSelector: .dialog-container
19:40:31.344 INFO  manager.MyListener - After find by --->By.cssSelector: .dialog-container
19:40:31.394 INFO  manager.MyListener - Start find element by locator --->By.cssSelector: .dialog-container h2
19:40:31.405 INFO  manager.MyListener - After find by --->By.cssSelector: .dialog-container h2
19:40:31.422 INFO  tests.TestBase - Assert check message: "Logged in success"
19:40:31.422 INFO  manager.MyListener - Start find element by locator --->By.xpath: //button[text()='Ok']
19:40:31.438 INFO  manager.MyListener - After find by --->By.xpath: //button[text()='Ok']
19:40:31.479 INFO  tests.TestBase - SL: Name of method--->loginSuccessAuth
19:40:31.480 INFO  manager.MyListener - Start find element by locator --->By.xpath: //a[text()=' Logout ']
19:40:31.497 INFO  manager.MyListener - After find by --->By.xpath: //a[text()=' Logout ']
19:40:31.498 INFO  manager.MyListener - Start find element by locator --->By.xpath: //a[text()=' Logout ']
19:40:31.517 INFO  manager.MyListener - After find by --->By.xpath: //a[text()=' Logout ']
19:40:31.586 INFO  tests.TestBase - Name of method is loginSuccessAuth: 
19:40:31.586 INFO  tests.TestBase - Test start with data: noa@gmail.com     Nnoa12345$
19:40:31.586 INFO  manager.MyListener - Start find element by locator --->By.cssSelector: [href^='/login']
19:40:31.604 INFO  manager.MyListener - After find by --->By.cssSelector: [href^='/login']
19:40:31.678 INFO  manager.MyListener - Start find element by locator --->By.id: email
19:40:36.753 INFO  manager.MyListener - We have a problem --->https://ilcarro-1578153671498.web.app/search
19:40:36.754 INFO  manager.MyListener - We have a problem --->no such element: Unable to locate element: {"method":"css selector","selector":"#email"}
  (Session info: chrome=102.0.5005.63)
For documentation on this error, please visit: https://www.seleniumhq.org/exceptions/no_such_element.html
Build info: version: '3.141.59', revision: 'e82be7d358', time: '2018-11-14T08:17:03'
System info: host: 'KDFX-PC', ip: '172.16.0.178', os.name: 'Windows 10', os.arch: 'amd64', os.version: '10.0', java.version: '1.8.0_321'
Driver info: org.openqa.selenium.chrome.ChromeDriver
Capabilities {acceptInsecureCerts: false, browserName: chrome, browserVersion: 102.0.5005.63, chrome: {chromedriverVersion: 101.0.4951.41 (93c720db8323..., userDataDir: C:\Users\KDFXTE~1\AppData\L...}, goog:chromeOptions: {debuggerAddress: localhost:52270}, javascriptEnabled: true, networkConnectionEnabled: false, pageLoadStrategy: normal, platform: WINDOWS, platformName: WINDOWS, proxy: Proxy(), setWindowRect: true, strictFileInteractability: false, timeouts: {implicit: 0, pageLoad: 300000, script: 30000}, unhandledPromptBehavior: dismiss and notify, webauthn:extension:credBlob: true, webauthn:extension:largeBlob: true, webauthn:virtualAuthenticators: true}
Session ID: 4df331a8ae94ed6353661ff670097c14
*** Element info: {Using=id, value=email}
19:40:36.754 INFO  manager.MyListener - We have a problem --->org.openqa.selenium.NoSuchElementException: no such element: Unable to locate element: {"method":"css selector","selector":"#email"}
  (Session info: chrome=102.0.5005.63)
For documentation on this error, please visit: https://www.seleniumhq.org/exceptions/no_such_element.html
Build info: version: '3.141.59', revision: 'e82be7d358', time: '2018-11-14T08:17:03'
System info: host: 'KDFX-PC', ip: '172.16.0.178', os.name: 'Windows 10', os.arch: 'amd64', os.version: '10.0', java.version: '1.8.0_321'
Driver info: org.openqa.selenium.chrome.ChromeDriver
Capabilities {acceptInsecureCerts: false, browserName: chrome, browserVersion: 102.0.5005.63, chrome: {chromedriverVersion: 101.0.4951.41 (93c720db8323..., userDataDir: C:\Users\KDFXTE~1\AppData\L...}, goog:chromeOptions: {debuggerAddress: localhost:52270}, javascriptEnabled: true, networkConnectionEnabled: false, pageLoadStrategy: normal, platform: WINDOWS, platformName: WINDOWS, proxy: Proxy(), setWindowRect: true, strictFileInteractability: false, timeouts: {implicit: 0, pageLoad: 300000, script: 30000}, unhandledPromptBehavior: dismiss and notify, webauthn:extension:credBlob: true, webauthn:extension:largeBlob: true, webauthn:virtualAuthenticators: true}
Session ID: 4df331a8ae94ed6353661ff670097c14
*** Element info: {Using=id, value=email}
19:40:37.266 INFO  tests.TestBase - SL: Name of method--->loginSuccessAuth
19:40:37.267 INFO  manager.MyListener - Start find element by locator --->By.xpath: //a[text()=' Logout ']
19:40:42.282 INFO  manager.MyListener - After find by --->By.xpath: //a[text()=' Logout ']
19:40:42.283 INFO  tests.TestBase - Name of method is loginSuccessAuth: 
19:40:42.284 INFO  tests.TestBase - Test start with data: noa@gmail.com     Nnoa12345$
19:40:42.284 INFO  manager.MyListener - Start find element by locator --->By.cssSelector: [href^='/login']
19:40:42.324 INFO  manager.MyListener - After find by --->By.cssSelector: [href^='/login']
19:40:42.374 INFO  manager.MyListener - Start find element by locator --->By.id: email
19:40:42.401 INFO  manager.MyListener - After find by --->By.id: email
19:40:42.550 INFO  manager.MyListener - Start find element by locator --->By.id: password
19:40:42.574 INFO  manager.MyListener - After find by --->By.id: password
19:40:42.693 INFO  manager.MyListener - Start find element by locator --->By.cssSelector: button[type='submit']
19:40:42.715 INFO  manager.MyListener - After find by --->By.cssSelector: button[type='submit']
19:40:42.763 INFO  manager.MyListener - Start find element by locator --->By.cssSelector: .dialog-container
19:40:43.279 INFO  manager.MyListener - After find by --->By.cssSelector: .dialog-container
19:40:43.302 INFO  manager.MyListener - Start find element by locator --->By.cssSelector: .dialog-container h2
19:40:43.315 INFO  manager.MyListener - After find by --->By.cssSelector: .dialog-container h2
19:40:43.329 INFO  tests.TestBase - Assert check message: "Logged in success"
19:40:43.329 INFO  manager.MyListener - Start find element by locator --->By.xpath: //button[text()='Ok']
19:40:43.347 INFO  manager.MyListener - After find by --->By.xpath: //button[text()='Ok']
19:40:43.386 INFO  tests.TestBase - SL: Name of method--->loginSuccessAuth
19:40:43.387 INFO  manager.MyListener - Start find element by locator --->By.xpath: //a[text()=' Logout ']
19:40:43.407 INFO  manager.MyListener - After find by --->By.xpath: //a[text()=' Logout ']
19:40:43.407 INFO  manager.MyListener - Start find element by locator --->By.xpath: //a[text()=' Logout ']
19:40:43.423 INFO  manager.MyListener - After find by --->By.xpath: //a[text()=' Logout ']
19:40:43.495 INFO  tests.TestBase - Name of method is loginSuccessAuth: 
19:40:43.495 INFO  tests.TestBase - Test start with data: noa@gmail.com     Nnoa12345$
19:40:43.496 INFO  manager.MyListener - Start find element by locator --->By.cssSelector: [href^='/login']
19:40:43.512 INFO  manager.MyListener - After find by --->By.cssSelector: [href^='/login']
19:40:43.564 INFO  manager.MyListener - Start find element by locator --->By.id: email
19:40:43.576 INFO  manager.MyListener - After find by --->By.id: email
19:40:43.719 INFO  manager.MyListener - Start find element by locator --->By.id: password
19:40:43.731 INFO  manager.MyListener - After find by --->By.id: password
19:40:43.849 INFO  manager.MyListener - Start find element by locator --->By.cssSelector: button[type='submit']
19:40:43.873 INFO  manager.MyListener - After find by --->By.cssSelector: button[type='submit']
19:40:43.916 INFO  manager.MyListener - Start find element by locator --->By.cssSelector: .dialog-container
19:40:44.442 INFO  manager.MyListener - After find by --->By.cssSelector: .dialog-container
19:40:44.462 INFO  manager.MyListener - Start find element by locator --->By.cssSelector: .dialog-container h2
19:40:44.476 INFO  manager.MyListener - After find by --->By.cssSelector: .dialog-container h2
19:40:44.489 INFO  tests.TestBase - Assert check message: "Logged in success"
19:40:44.489 INFO  manager.MyListener - Start find element by locator --->By.xpath: //button[text()='Ok']
19:40:44.507 INFO  manager.MyListener - After find by --->By.xpath: //button[text()='Ok']
19:40:44.548 INFO  tests.TestBase - SL: Name of method--->loginSuccessUser
19:40:44.549 INFO  manager.MyListener - Start find element by locator --->By.xpath: //a[text()=' Logout ']
19:40:44.569 INFO  manager.MyListener - After find by --->By.xpath: //a[text()=' Logout ']
19:40:44.570 INFO  manager.MyListener - Start find element by locator --->By.xpath: //a[text()=' Logout ']
19:40:44.583 INFO  manager.MyListener - After find by --->By.xpath: //a[text()=' Logout ']
19:40:44.658 INFO  tests.TestBase - Test start with data: "noa@gmail.com", "Nnoa12345$"
19:40:44.659 INFO  manager.MyListener - Start find element by locator --->By.cssSelector: [href^='/login']
19:40:44.678 INFO  manager.MyListener - After find by --->By.cssSelector: [href^='/login']
19:40:44.730 INFO  manager.MyListener - Start find element by locator --->By.id: email
19:40:44.756 INFO  manager.MyListener - After find by --->By.id: email
19:40:44.895 INFO  manager.MyListener - Start find element by locator --->By.id: password
19:40:44.909 INFO  manager.MyListener - After find by --->By.id: password
19:40:45.034 INFO  manager.MyListener - Start find element by locator --->By.cssSelector: button[type='submit']
19:40:45.047 INFO  manager.MyListener - After find by --->By.cssSelector: button[type='submit']
19:40:45.098 INFO  manager.MyListener - Start find element by locator --->By.cssSelector: .dialog-container
19:40:45.608 INFO  manager.MyListener - After find by --->By.cssSelector: .dialog-container
19:40:45.627 INFO  manager.MyListener - Start find element by locator --->By.cssSelector: .dialog-container h2
19:40:45.639 INFO  manager.MyListener - After find by --->By.cssSelector: .dialog-container h2
19:40:45.652 INFO  tests.TestBase - Assert check message: "Logged in success"
19:40:45.652 INFO  manager.MyListener - Start find element by locator --->By.xpath: //button[text()='Ok']
19:40:45.671 INFO  manager.MyListener - After find by --->By.xpath: //button[text()='Ok']
19:40:45.712 INFO  tests.TestBase - SL: Name of method--->loginSuccessUser
19:40:45.713 INFO  manager.MyListener - Start find element by locator --->By.xpath: //a[text()=' Logout ']
19:40:45.732 INFO  manager.MyListener - After find by --->By.xpath: //a[text()=' Logout ']
19:40:45.732 INFO  manager.MyListener - Start find element by locator --->By.xpath: //a[text()=' Logout ']
19:40:45.747 INFO  manager.MyListener - After find by --->By.xpath: //a[text()=' Logout ']
19:40:45.821 INFO  tests.TestBase - Test start with data: "noa@gmail.com", "Nnoa12345$"
19:40:45.822 INFO  manager.MyListener - Start find element by locator --->By.cssSelector: [href^='/login']
19:40:45.842 INFO  manager.MyListener - After find by --->By.cssSelector: [href^='/login']
19:40:45.901 INFO  manager.MyListener - Start find element by locator --->By.id: email
19:40:45.923 INFO  manager.MyListener - After find by --->By.id: email
19:40:46.058 INFO  manager.MyListener - Start find element by locator --->By.id: password
19:40:46.076 INFO  manager.MyListener - After find by --->By.id: password
19:40:46.198 INFO  manager.MyListener - Start find element by locator --->By.cssSelector: button[type='submit']
19:40:46.217 INFO  manager.MyListener - After find by --->By.cssSelector: button[type='submit']
19:40:46.263 INFO  manager.MyListener - Start find element by locator --->By.cssSelector: .dialog-container
19:40:46.775 INFO  manager.MyListener - After find by --->By.cssSelector: .dialog-container
19:40:46.794 INFO  manager.MyListener - Start find element by locator --->By.cssSelector: .dialog-container h2
19:40:46.808 INFO  manager.MyListener - After find by --->By.cssSelector: .dialog-container h2
19:40:46.820 INFO  tests.TestBase - Assert check message: "Logged in success"
19:40:46.821 INFO  manager.MyListener - Start find element by locator --->By.xpath: //button[text()='Ok']
19:40:46.840 INFO  manager.MyListener - After find by --->By.xpath: //button[text()='Ok']
19:40:46.878 INFO  tests.TestBase - SL: Name of method--->loginSuccessUser
19:40:46.879 INFO  manager.MyListener - Start find element by locator --->By.xpath: //a[text()=' Logout ']
19:40:46.901 INFO  manager.MyListener - After find by --->By.xpath: //a[text()=' Logout ']
19:40:46.901 INFO  manager.MyListener - Start find element by locator --->By.xpath: //a[text()=' Logout ']
19:40:46.916 INFO  manager.MyListener - After find by --->By.xpath: //a[text()=' Logout ']
19:40:46.984 INFO  tests.TestBase - Test start with data: "noa@gmail.com", "Nnoa12345$"
19:40:46.985 INFO  manager.MyListener - Start find element by locator --->By.cssSelector: [href^='/login']
19:40:46.995 INFO  manager.MyListener - After find by --->By.cssSelector: [href^='/login']
19:40:47.048 INFO  manager.MyListener - Start find element by locator --->By.id: email
19:40:47.072 INFO  manager.MyListener - After find by --->By.id: email
19:40:47.216 INFO  manager.MyListener - Start find element by locator --->By.id: password
19:40:47.242 INFO  manager.MyListener - After find by --->By.id: password
19:40:47.362 INFO  manager.MyListener - Start find element by locator --->By.cssSelector: button[type='submit']
19:40:47.382 INFO  manager.MyListener - After find by --->By.cssSelector: button[type='submit']
19:40:47.443 INFO  manager.MyListener - Start find element by locator --->By.cssSelector: .dialog-container
19:40:47.915 INFO  manager.MyListener - After find by --->By.cssSelector: .dialog-container
19:40:47.942 INFO  manager.MyListener - Start find element by locator --->By.cssSelector: .dialog-container h2
19:40:47.956 INFO  manager.MyListener - After find by --->By.cssSelector: .dialog-container h2
19:40:47.968 INFO  tests.TestBase - Assert check message: "Logged in success"
19:40:47.968 INFO  manager.MyListener - Start find element by locator --->By.xpath: //button[text()='Ok']
19:40:47.988 INFO  manager.MyListener - After find by --->By.xpath: //button[text()='Ok']
