10:30:34.936 INFO  manager.ApplicationManager - Tests start in Chrome driver
10:30:36.486 INFO  manager.ApplicationManager - The link of project -->https://ilcarro-1578153671498.web.app/search
10:30:36.589 INFO  tests.TestBase - SL: Name of method--->registrationSuccessAuth
10:30:36.593 INFO  manager.MyListener - Start find element by locator --->By.xpath: //a[text()=' Logout ']
10:30:41.649 INFO  manager.MyListener - After find by --->By.xpath: //a[text()=' Logout ']
10:30:41.651 INFO  manager.MyListener - Start find element by locator --->By.xpath: //a[text()=' Sign up ']
10:30:41.682 INFO  manager.MyListener - After find by --->By.xpath: //a[text()=' Sign up ']
10:30:41.775 INFO  manager.MyListener - Start find element by locator --->By.id: name
10:30:41.804 INFO  manager.MyListener - After find by --->By.id: name
10:30:41.954 INFO  manager.MyListener - Start find element by locator --->By.id: lastName
10:30:41.972 INFO  manager.MyListener - After find by --->By.id: lastName
10:30:42.119 INFO  manager.MyListener - Start find element by locator --->By.id: email
10:30:42.140 INFO  manager.MyListener - After find by --->By.id: email
10:30:42.333 INFO  manager.MyListener - Start find element by locator --->By.id: password
10:30:42.358 INFO  manager.MyListener - After find by --->By.id: password
10:30:42.539 INFO  manager.MyListener - Start find element by locator --->By.cssSelector: label[for='terms-of-use']
10:30:42.561 INFO  manager.MyListener - After find by --->By.cssSelector: label[for='terms-of-use']
10:30:42.965 INFO  manager.MyListener - Start find element by locator --->By.cssSelector: button[type='submit']
10:30:42.991 INFO  manager.MyListener - After find by --->By.cssSelector: button[type='submit']
10:30:43.071 INFO  manager.MyListener - Start find element by locator --->By.cssSelector: .dialog-container
10:30:43.586 INFO  manager.MyListener - After find by --->By.cssSelector: .dialog-container
10:30:43.639 INFO  manager.MyListener - Start find element by locator --->By.cssSelector: .dialog-container h2
10:30:43.668 INFO  manager.MyListener - After find by --->By.cssSelector: .dialog-container h2
10:30:43.689 INFO  manager.MyListener - Start find element by locator --->By.xpath: //button[text()='Ok']
10:30:43.714 INFO  manager.MyListener - After find by --->By.xpath: //button[text()='Ok']
10:30:43.766 INFO  tests.TestBase - SL: Name of method--->registrationSuccessAuth
10:30:43.767 INFO  manager.MyListener - Start find element by locator --->By.xpath: //a[text()=' Logout ']
10:30:43.791 INFO  manager.MyListener - After find by --->By.xpath: //a[text()=' Logout ']
10:30:43.792 INFO  manager.MyListener - Start find element by locator --->By.xpath: //a[text()=' Logout ']
10:30:43.810 INFO  manager.MyListener - After find by --->By.xpath: //a[text()=' Logout ']
10:30:43.885 INFO  manager.MyListener - Start find element by locator --->By.xpath: //a[text()=' Sign up ']
10:30:43.899 INFO  manager.MyListener - After find by --->By.xpath: //a[text()=' Sign up ']
10:30:43.974 INFO  manager.MyListener - Start find element by locator --->By.id: name
10:30:43.990 INFO  manager.MyListener - After find by --->By.id: name
10:30:44.135 INFO  manager.MyListener - Start find element by locator --->By.id: lastName
10:30:44.148 INFO  manager.MyListener - After find by --->By.id: lastName
10:30:44.296 INFO  manager.MyListener - Start find element by locator --->By.id: email
10:30:44.319 INFO  manager.MyListener - After find by --->By.id: email
10:30:44.547 INFO  manager.MyListener - Start find element by locator --->By.id: password
10:30:44.571 INFO  manager.MyListener - After find by --->By.id: password
10:30:44.766 INFO  manager.MyListener - Start find element by locator --->By.cssSelector: label[for='terms-of-use']
10:30:44.783 INFO  manager.MyListener - After find by --->By.cssSelector: label[for='terms-of-use']
10:30:45.191 INFO  manager.MyListener - Start find element by locator --->By.cssSelector: button[type='submit']
10:30:45.221 INFO  manager.MyListener - After find by --->By.cssSelector: button[type='submit']
10:30:45.309 INFO  manager.MyListener - Start find element by locator --->By.cssSelector: .dialog-container
10:30:45.760 INFO  manager.MyListener - After find by --->By.cssSelector: .dialog-container
10:30:45.803 INFO  manager.MyListener - Start find element by locator --->By.cssSelector: .dialog-container h2
10:30:45.820 INFO  manager.MyListener - After find by --->By.cssSelector: .dialog-container h2
10:30:45.835 INFO  manager.MyListener - Start find element by locator --->By.xpath: //button[text()='Ok']
10:30:45.852 INFO  manager.MyListener - After find by --->By.xpath: //button[text()='Ok']
10:30:45.898 INFO  tests.TestBase - SL: Name of method--->registrationSuccessAuth
10:30:45.899 INFO  manager.MyListener - Start find element by locator --->By.xpath: //a[text()=' Logout ']
10:30:45.916 INFO  manager.MyListener - After find by --->By.xpath: //a[text()=' Logout ']
10:30:45.916 INFO  manager.MyListener - Start find element by locator --->By.xpath: //a[text()=' Logout ']
10:30:45.930 INFO  manager.MyListener - After find by --->By.xpath: //a[text()=' Logout ']
10:30:46.003 INFO  manager.MyListener - Start find element by locator --->By.xpath: //a[text()=' Sign up ']
10:30:46.024 INFO  manager.MyListener - After find by --->By.xpath: //a[text()=' Sign up ']
10:30:46.090 INFO  manager.MyListener - Start find element by locator --->By.id: name
10:30:46.119 INFO  manager.MyListener - After find by --->By.id: name
10:30:46.293 INFO  manager.MyListener - Start find element by locator --->By.id: lastName
10:30:46.336 INFO  manager.MyListener - After find by --->By.id: lastName
10:30:46.524 INFO  manager.MyListener - Start find element by locator --->By.id: email
10:30:46.539 INFO  manager.MyListener - After find by --->By.id: email
10:30:46.787 INFO  manager.MyListener - Start find element by locator --->By.id: password
10:30:46.807 INFO  manager.MyListener - After find by --->By.id: password
10:30:47.044 INFO  manager.MyListener - Start find element by locator --->By.cssSelector: label[for='terms-of-use']
10:30:47.071 INFO  manager.MyListener - After find by --->By.cssSelector: label[for='terms-of-use']
10:30:47.479 INFO  manager.MyListener - Start find element by locator --->By.cssSelector: button[type='submit']
10:30:47.507 INFO  manager.MyListener - After find by --->By.cssSelector: button[type='submit']
10:30:47.604 INFO  manager.MyListener - Start find element by locator --->By.cssSelector: .dialog-container
10:30:47.953 INFO  manager.MyListener - After find by --->By.cssSelector: .dialog-container
10:30:47.997 INFO  manager.MyListener - Start find element by locator --->By.cssSelector: .dialog-container h2
10:30:48.020 INFO  manager.MyListener - After find by --->By.cssSelector: .dialog-container h2
10:30:48.054 INFO  manager.MyListener - Start find element by locator --->By.xpath: //button[text()='Ok']
10:30:48.084 INFO  manager.MyListener - After find by --->By.xpath: //button[text()='Ok']
10:30:48.171 INFO  tests.TestBase - SL: Name of method--->registrationSuccessAuth
10:30:48.172 INFO  manager.MyListener - Start find element by locator --->By.xpath: //a[text()=' Logout ']
10:30:48.209 INFO  manager.MyListener - After find by --->By.xpath: //a[text()=' Logout ']
10:30:48.210 INFO  manager.MyListener - Start find element by locator --->By.xpath: //a[text()=' Logout ']
10:30:48.237 INFO  manager.MyListener - After find by --->By.xpath: //a[text()=' Logout ']
10:30:48.422 INFO  manager.MyListener - Start find element by locator --->By.xpath: //a[text()=' Sign up ']
10:30:48.455 INFO  manager.MyListener - After find by --->By.xpath: //a[text()=' Sign up ']
10:30:48.582 INFO  manager.MyListener - Start find element by locator --->By.id: name
10:30:48.609 INFO  manager.MyListener - After find by --->By.id: name
10:30:48.822 INFO  manager.MyListener - Start find element by locator --->By.id: lastName
10:30:48.839 INFO  manager.MyListener - After find by --->By.id: lastName
10:30:49.042 INFO  manager.MyListener - Start find element by locator --->By.id: email
10:30:49.073 INFO  manager.MyListener - After find by --->By.id: email
10:30:49.355 INFO  manager.MyListener - Start find element by locator --->By.id: password
10:30:49.384 INFO  manager.MyListener - After find by --->By.id: password
10:30:49.624 INFO  manager.MyListener - Start find element by locator --->By.cssSelector: label[for='terms-of-use']
10:30:49.649 INFO  manager.MyListener - After find by --->By.cssSelector: label[for='terms-of-use']
10:30:50.060 INFO  manager.MyListener - Start find element by locator --->By.cssSelector: button[type='submit']
10:30:50.086 INFO  manager.MyListener - After find by --->By.cssSelector: button[type='submit']
10:30:50.185 INFO  manager.MyListener - Start find element by locator --->By.cssSelector: .dialog-container
10:30:50.550 INFO  manager.MyListener - After find by --->By.cssSelector: .dialog-container
10:30:50.594 INFO  manager.MyListener - Start find element by locator --->By.cssSelector: .dialog-container h2
10:30:50.631 INFO  manager.MyListener - After find by --->By.cssSelector: .dialog-container h2
10:30:50.666 INFO  manager.MyListener - Start find element by locator --->By.xpath: //button[text()='Ok']
10:30:50.692 INFO  manager.MyListener - After find by --->By.xpath: //button[text()='Ok']
