09:50:26.968 INFO  manager.ApplicationManager - Tests start in Chrome driver
09:50:28.545 INFO  manager.ApplicationManager - The link of project -->https://ilcarro-1578153671498.web.app/search
09:50:28.664 INFO  tests.TestBase - SL: Name of method--->loginSuccessUser
09:50:28.670 INFO  manager.MyListener - Start find element by locator --->By.xpath: //a[text()=' Logout ']
09:50:33.685 INFO  manager.MyListener - After find by --->By.xpath: //a[text()=' Logout ']
09:50:33.687 INFO  tests.TestBase - Test start with data: "noa@gmail.com", "Nnoa12345$"
09:50:33.688 INFO  manager.MyListener - Start find element by locator --->By.cssSelector: [href^='/login']
09:50:33.721 INFO  manager.MyListener - After find by --->By.cssSelector: [href^='/login']
09:50:33.854 INFO  manager.MyListener - Start find element by locator --->By.id: email
09:50:33.879 INFO  manager.MyListener - After find by --->By.id: email
09:50:34.134 INFO  manager.MyListener - Start find element by locator --->By.id: password
09:50:34.168 INFO  manager.MyListener - After find by --->By.id: password
09:50:34.373 INFO  manager.MyListener - Start find element by locator --->By.cssSelector: button[type='submit']
09:50:34.403 INFO  manager.MyListener - After find by --->By.cssSelector: button[type='submit']
09:50:34.503 INFO  manager.MyListener - Start find element by locator --->By.cssSelector: .dialog-container
09:50:35.156 INFO  manager.MyListener - After find by --->By.cssSelector: .dialog-container
09:50:35.270 INFO  manager.MyListener - Start find element by locator --->By.cssSelector: .dialog-container h2
09:50:35.288 INFO  manager.MyListener - After find by --->By.cssSelector: .dialog-container h2
09:50:35.348 INFO  tests.TestBase - Assert check message: "Logged in success"
09:50:35.349 INFO  manager.MyListener - Start find element by locator --->By.xpath: //button[text()='Ok']
09:50:35.379 INFO  manager.MyListener - After find by --->By.xpath: //button[text()='Ok']
09:50:35.425 INFO  tests.TestBase - SL: Name of method--->loginSuccessUser
09:50:35.426 INFO  manager.MyListener - Start find element by locator --->By.xpath: //a[text()=' Logout ']
09:50:35.453 INFO  manager.MyListener - After find by --->By.xpath: //a[text()=' Logout ']
09:50:35.454 INFO  manager.MyListener - Start find element by locator --->By.xpath: //a[text()=' Logout ']
09:50:35.475 INFO  manager.MyListener - After find by --->By.xpath: //a[text()=' Logout ']
09:50:35.570 INFO  tests.TestBase - Test start with data: "noa@gmail.com", "Nnoa12345$"
09:50:35.570 INFO  manager.MyListener - Start find element by locator --->By.cssSelector: [href^='/login']
09:50:35.591 INFO  manager.MyListener - After find by --->By.cssSelector: [href^='/login']
09:50:35.652 INFO  manager.MyListener - Start find element by locator --->By.id: email
09:50:35.667 INFO  manager.MyListener - After find by --->By.id: email
09:50:35.855 INFO  manager.MyListener - Start find element by locator --->By.id: password
09:50:35.871 INFO  manager.MyListener - After find by --->By.id: password
09:50:36.012 INFO  manager.MyListener - Start find element by locator --->By.cssSelector: button[type='submit']
09:50:36.025 INFO  manager.MyListener - After find by --->By.cssSelector: button[type='submit']
09:50:36.076 INFO  manager.MyListener - Start find element by locator --->By.cssSelector: .dialog-container
09:50:36.729 INFO  manager.MyListener - After find by --->By.cssSelector: .dialog-container
09:50:36.800 INFO  manager.MyListener - Start find element by locator --->By.cssSelector: .dialog-container h2
09:50:36.824 INFO  manager.MyListener - After find by --->By.cssSelector: .dialog-container h2
09:50:36.860 INFO  tests.TestBase - Assert check message: "Logged in success"
09:50:36.861 INFO  manager.MyListener - Start find element by locator --->By.xpath: //button[text()='Ok']
09:50:36.888 INFO  manager.MyListener - After find by --->By.xpath: //button[text()='Ok']
09:50:36.991 INFO  tests.TestBase - SL: Name of method--->loginSuccessUser
09:50:36.993 INFO  manager.MyListener - Start find element by locator --->By.xpath: //a[text()=' Logout ']
09:50:37.023 INFO  manager.MyListener - After find by --->By.xpath: //a[text()=' Logout ']
09:50:37.024 INFO  manager.MyListener - Start find element by locator --->By.xpath: //a[text()=' Logout ']
09:50:37.053 INFO  manager.MyListener - After find by --->By.xpath: //a[text()=' Logout ']
09:50:37.205 INFO  tests.TestBase - Test start with data: "noa@gmail.com", "Nnoa12345$"
09:50:37.206 INFO  manager.MyListener - Start find element by locator --->By.cssSelector: [href^='/login']
09:50:37.222 INFO  manager.MyListener - After find by --->By.cssSelector: [href^='/login']
09:50:37.321 INFO  manager.MyListener - Start find element by locator --->By.id: email
09:50:37.343 INFO  manager.MyListener - After find by --->By.id: email
09:50:37.577 INFO  manager.MyListener - Start find element by locator --->By.id: password
09:50:37.596 INFO  manager.MyListener - After find by --->By.id: password
09:50:37.801 INFO  manager.MyListener - Start find element by locator --->By.cssSelector: button[type='submit']
09:50:37.825 INFO  manager.MyListener - After find by --->By.cssSelector: button[type='submit']
09:50:37.905 INFO  manager.MyListener - Start find element by locator --->By.cssSelector: .dialog-container
09:50:38.366 INFO  manager.MyListener - After find by --->By.cssSelector: .dialog-container
09:50:38.422 INFO  manager.MyListener - Start find element by locator --->By.cssSelector: .dialog-container h2
09:50:38.447 INFO  manager.MyListener - After find by --->By.cssSelector: .dialog-container h2
09:50:38.489 INFO  tests.TestBase - Assert check message: "Logged in success"
09:50:38.490 INFO  manager.MyListener - Start find element by locator --->By.xpath: //button[text()='Ok']
09:50:38.522 INFO  manager.MyListener - After find by --->By.xpath: //button[text()='Ok']
