18:08:02.300 INFO  manager.ApplicationManager - Tests start in Chrome driver
18:08:03.938 INFO  manager.ApplicationManager - The link of project -->https://ilcarro-1578153671498.web.app/search
18:08:04.036 INFO  tests.TestBase - SL: Name of method--->searchPeriodAnyDataInFuture
18:08:04.043 INFO  manager.MyListener - Start find element by locator --->By.id: city
18:08:04.079 INFO  manager.MyListener - After find by --->By.id: city
18:08:04.479 INFO  manager.MyListener - Start find element by locator --->By.cssSelector: .pac-item
18:08:04.849 INFO  manager.MyListener - After find by --->By.cssSelector: .pac-item
18:08:05.527 INFO  manager.MyListener - Start find element by locator --->By.id: dates
18:08:05.603 INFO  manager.MyListener - After find by --->By.id: dates
18:08:05.896 INFO  manager.MyListener - Start find element by locator --->By.xpath: //div[text()=' 30 ']
18:08:05.935 INFO  manager.MyListener - After find by --->By.xpath: //div[text()=' 30 ']
18:08:06.107 INFO  manager.MyListener - Start find element by locator --->By.cssSelector: button[aria-label='Next month']
18:08:06.157 INFO  manager.MyListener - After find by --->By.cssSelector: button[aria-label='Next month']
18:08:06.295 INFO  manager.MyListener - Start find element by locator --->By.cssSelector: button[aria-label='Next month']
18:08:06.327 INFO  manager.MyListener - After find by --->By.cssSelector: button[aria-label='Next month']
18:08:06.447 INFO  manager.MyListener - Start find element by locator --->By.cssSelector: button[aria-label='Next month']
18:08:06.480 INFO  manager.MyListener - After find by --->By.cssSelector: button[aria-label='Next month']
18:08:06.603 INFO  manager.MyListener - Start find element by locator --->By.cssSelector: button[aria-label='Next month']
18:08:06.633 INFO  manager.MyListener - After find by --->By.cssSelector: button[aria-label='Next month']
18:08:06.756 INFO  manager.MyListener - Start find element by locator --->By.cssSelector: button[aria-label='Next month']
18:08:06.790 INFO  manager.MyListener - After find by --->By.cssSelector: button[aria-label='Next month']
18:08:06.909 INFO  manager.MyListener - Start find element by locator --->By.cssSelector: button[aria-label='Next month']
18:08:06.947 INFO  manager.MyListener - After find by --->By.cssSelector: button[aria-label='Next month']
18:08:07.061 INFO  manager.MyListener - Start find element by locator --->By.cssSelector: button[aria-label='Next month']
18:08:07.087 INFO  manager.MyListener - After find by --->By.cssSelector: button[aria-label='Next month']
18:08:07.203 INFO  manager.MyListener - Start find element by locator --->By.cssSelector: button[aria-label='Next month']
18:08:07.239 INFO  manager.MyListener - After find by --->By.cssSelector: button[aria-label='Next month']
18:08:07.364 INFO  manager.MyListener - Start find element by locator --->By.cssSelector: button[aria-label='Next month']
18:08:07.396 INFO  manager.MyListener - After find by --->By.cssSelector: button[aria-label='Next month']
18:08:07.504 INFO  manager.MyListener - Start find element by locator --->By.cssSelector: button[aria-label='Next month']
18:08:07.533 INFO  manager.MyListener - After find by --->By.cssSelector: button[aria-label='Next month']
18:08:07.641 INFO  manager.MyListener - Start find element by locator --->By.cssSelector: button[aria-label='Next month']
18:08:07.674 INFO  manager.MyListener - After find by --->By.cssSelector: button[aria-label='Next month']
18:08:07.787 INFO  manager.MyListener - Start find element by locator --->By.xpath: //div[text()=' 22 ']
18:08:07.827 INFO  manager.MyListener - After find by --->By.xpath: //div[text()=' 22 ']
18:08:07.978 INFO  manager.MyListener - Start find element by locator --->By.cssSelector: button[type='submit']
18:08:08.025 INFO  manager.MyListener - After find by --->By.cssSelector: button[type='submit']
18:08:08.969 INFO  manager.MyListener - Start find element by locator --->By.cssSelector: .search-results
18:08:09.034 INFO  manager.MyListener - After find by --->By.cssSelector: .search-results
18:08:09.050 INFO  manager.MyListener - Start find element by locator --->By.cssSelector: .header a[href='/']
18:08:09.202 INFO  manager.MyListener - After find by --->By.cssSelector: .header a[href='/']
18:08:10.036 INFO  tests.TestBase - SL: Name of method--->searchPeriodCurrentMonth
18:08:10.037 INFO  manager.MyListener - Start find element by locator --->By.id: city
18:08:10.073 INFO  manager.MyListener - After find by --->By.id: city
18:08:10.565 INFO  manager.MyListener - Start find element by locator --->By.cssSelector: .pac-item
18:08:10.600 INFO  manager.MyListener - After find by --->By.cssSelector: .pac-item
18:08:11.217 INFO  manager.MyListener - Start find element by locator --->By.id: dates
18:08:11.249 INFO  manager.MyListener - After find by --->By.id: dates
18:08:11.413 INFO  manager.MyListener - Start find element by locator --->By.xpath: //div[text()=' 29 ']
18:08:11.448 INFO  manager.MyListener - After find by --->By.xpath: //div[text()=' 29 ']
18:08:11.581 INFO  manager.MyListener - Start find element by locator --->By.xpath: //div[text()=' 31 ']
18:08:16.615 INFO  manager.MyListener - We have a problem --->https://ilcarro-1578153671498.web.app/search
18:08:16.615 INFO  manager.MyListener - We have a problem --->no such element: Unable to locate element: {"method":"xpath","selector":"//div[text()=' 31 ']"}
  (Session info: chrome=102.0.5005.63)
For documentation on this error, please visit: https://www.seleniumhq.org/exceptions/no_such_element.html
Build info: version: '3.141.59', revision: 'e82be7d358', time: '2018-11-14T08:17:03'
System info: host: 'KDFX-PC', ip: '172.16.0.178', os.name: 'Windows 10', os.arch: 'amd64', os.version: '10.0', java.version: '1.8.0_321'
Driver info: org.openqa.selenium.chrome.ChromeDriver
Capabilities {acceptInsecureCerts: false, browserName: chrome, browserVersion: 102.0.5005.63, chrome: {chromedriverVersion: 101.0.4951.41 (93c720db8323..., userDataDir: C:\Users\KDFXTE~1\AppData\L...}, goog:chromeOptions: {debuggerAddress: localhost:55344}, javascriptEnabled: true, networkConnectionEnabled: false, pageLoadStrategy: normal, platform: WINDOWS, platformName: WINDOWS, proxy: Proxy(), setWindowRect: true, strictFileInteractability: false, timeouts: {implicit: 0, pageLoad: 300000, script: 30000}, unhandledPromptBehavior: dismiss and notify, webauthn:extension:credBlob: true, webauthn:extension:largeBlob: true, webauthn:virtualAuthenticators: true}
Session ID: 49751684d235b0e01fb33edb71fdbcdd
*** Element info: {Using=xpath, value=//div[text()=' 31 ']}
18:08:16.616 INFO  manager.MyListener - We have a problem --->org.openqa.selenium.NoSuchElementException: no such element: Unable to locate element: {"method":"xpath","selector":"//div[text()=' 31 ']"}
  (Session info: chrome=102.0.5005.63)
For documentation on this error, please visit: https://www.seleniumhq.org/exceptions/no_such_element.html
Build info: version: '3.141.59', revision: 'e82be7d358', time: '2018-11-14T08:17:03'
System info: host: 'KDFX-PC', ip: '172.16.0.178', os.name: 'Windows 10', os.arch: 'amd64', os.version: '10.0', java.version: '1.8.0_321'
Driver info: org.openqa.selenium.chrome.ChromeDriver
Capabilities {acceptInsecureCerts: false, browserName: chrome, browserVersion: 102.0.5005.63, chrome: {chromedriverVersion: 101.0.4951.41 (93c720db8323..., userDataDir: C:\Users\KDFXTE~1\AppData\L...}, goog:chromeOptions: {debuggerAddress: localhost:55344}, javascriptEnabled: true, networkConnectionEnabled: false, pageLoadStrategy: normal, platform: WINDOWS, platformName: WINDOWS, proxy: Proxy(), setWindowRect: true, strictFileInteractability: false, timeouts: {implicit: 0, pageLoad: 300000, script: 30000}, unhandledPromptBehavior: dismiss and notify, webauthn:extension:credBlob: true, webauthn:extension:largeBlob: true, webauthn:virtualAuthenticators: true}
Session ID: 49751684d235b0e01fb33edb71fdbcdd
*** Element info: {Using=xpath, value=//div[text()=' 31 ']}
18:08:16.907 INFO  manager.MyListener - Start find element by locator --->By.cssSelector: .header a[href='/']
18:08:16.927 INFO  manager.MyListener - After find by --->By.cssSelector: .header a[href='/']
18:08:18.049 INFO  manager.MyListener - We have a problem --->https://ilcarro-1578153671498.web.app/search
18:08:18.049 INFO  manager.MyListener - We have a problem --->element click intercepted: Element <a _ngcontent-jhm-c25="" href="/" class="logo">...</a> is not clickable at point (184, 44). Other element would receive the click: <div class="cdk-overlay-backdrop mat-overlay-transparent-backdrop cdk-overlay-backdrop-showing"></div>
  (Session info: chrome=102.0.5005.63)
Build info: version: '3.141.59', revision: 'e82be7d358', time: '2018-11-14T08:17:03'
System info: host: 'KDFX-PC', ip: '172.16.0.178', os.name: 'Windows 10', os.arch: 'amd64', os.version: '10.0', java.version: '1.8.0_321'
Driver info: org.openqa.selenium.chrome.ChromeDriver
Capabilities {acceptInsecureCerts: false, browserName: chrome, browserVersion: 102.0.5005.63, chrome: {chromedriverVersion: 101.0.4951.41 (93c720db8323..., userDataDir: C:\Users\KDFXTE~1\AppData\L...}, goog:chromeOptions: {debuggerAddress: localhost:55344}, javascriptEnabled: true, networkConnectionEnabled: false, pageLoadStrategy: normal, platform: WINDOWS, platformName: WINDOWS, proxy: Proxy(), setWindowRect: true, strictFileInteractability: false, timeouts: {implicit: 0, pageLoad: 300000, script: 30000}, unhandledPromptBehavior: dismiss and notify, webauthn:extension:credBlob: true, webauthn:extension:largeBlob: true, webauthn:virtualAuthenticators: true}
Session ID: 49751684d235b0e01fb33edb71fdbcdd
18:08:18.050 INFO  manager.MyListener - We have a problem --->org.openqa.selenium.ElementClickInterceptedException: element click intercepted: Element <a _ngcontent-jhm-c25="" href="/" class="logo">...</a> is not clickable at point (184, 44). Other element would receive the click: <div class="cdk-overlay-backdrop mat-overlay-transparent-backdrop cdk-overlay-backdrop-showing"></div>
  (Session info: chrome=102.0.5005.63)
Build info: version: '3.141.59', revision: 'e82be7d358', time: '2018-11-14T08:17:03'
System info: host: 'KDFX-PC', ip: '172.16.0.178', os.name: 'Windows 10', os.arch: 'amd64', os.version: '10.0', java.version: '1.8.0_321'
Driver info: org.openqa.selenium.chrome.ChromeDriver
Capabilities {acceptInsecureCerts: false, browserName: chrome, browserVersion: 102.0.5005.63, chrome: {chromedriverVersion: 101.0.4951.41 (93c720db8323..., userDataDir: C:\Users\KDFXTE~1\AppData\L...}, goog:chromeOptions: {debuggerAddress: localhost:55344}, javascriptEnabled: true, networkConnectionEnabled: false, pageLoadStrategy: normal, platform: WINDOWS, platformName: WINDOWS, proxy: Proxy(), setWindowRect: true, strictFileInteractability: false, timeouts: {implicit: 0, pageLoad: 300000, script: 30000}, unhandledPromptBehavior: dismiss and notify, webauthn:extension:credBlob: true, webauthn:extension:largeBlob: true, webauthn:virtualAuthenticators: true}
Session ID: 49751684d235b0e01fb33edb71fdbcdd
