18:23:02.248 INFO  manager.ApplicationManager - Tests start in Chrome driver
18:23:03.924 INFO  manager.ApplicationManager - The link of project -->https://ilcarro-1578153671498.web.app/search
18:23:04.006 INFO  tests.TestBase - SL: Name of method--->searchPeriodAnyDataInFuture
18:23:04.011 INFO  manager.MyListener - Start find element by locator --->By.id: city
18:23:04.046 INFO  manager.MyListener - After find by --->By.id: city
18:23:04.415 INFO  manager.MyListener - Start find element by locator --->By.cssSelector: .pac-item
18:23:04.790 INFO  manager.MyListener - After find by --->By.cssSelector: .pac-item
18:23:05.455 INFO  manager.MyListener - Start find element by locator --->By.id: dates
18:23:05.512 INFO  manager.MyListener - After find by --->By.id: dates
18:23:05.774 INFO  manager.MyListener - Start find element by locator --->By.xpath: //div[text()=' 30 ']
18:23:05.811 INFO  manager.MyListener - After find by --->By.xpath: //div[text()=' 30 ']
18:23:05.989 INFO  manager.MyListener - Start find element by locator --->By.cssSelector: button[aria-label='Next month']
18:23:06.031 INFO  manager.MyListener - After find by --->By.cssSelector: button[aria-label='Next month']
18:23:06.185 INFO  manager.MyListener - Start find element by locator --->By.cssSelector: button[aria-label='Next month']
18:23:06.219 INFO  manager.MyListener - After find by --->By.cssSelector: button[aria-label='Next month']
18:23:06.354 INFO  manager.MyListener - Start find element by locator --->By.cssSelector: button[aria-label='Next month']
18:23:06.396 INFO  manager.MyListener - After find by --->By.cssSelector: button[aria-label='Next month']
18:23:06.536 INFO  manager.MyListener - Start find element by locator --->By.cssSelector: button[aria-label='Next month']
18:23:06.574 INFO  manager.MyListener - After find by --->By.cssSelector: button[aria-label='Next month']
18:23:06.716 INFO  manager.MyListener - Start find element by locator --->By.cssSelector: button[aria-label='Next month']
18:23:06.749 INFO  manager.MyListener - After find by --->By.cssSelector: button[aria-label='Next month']
18:23:06.851 INFO  manager.MyListener - Start find element by locator --->By.cssSelector: button[aria-label='Next month']
18:23:06.880 INFO  manager.MyListener - After find by --->By.cssSelector: button[aria-label='Next month']
18:23:07.015 INFO  manager.MyListener - Start find element by locator --->By.cssSelector: button[aria-label='Next month']
18:23:07.052 INFO  manager.MyListener - After find by --->By.cssSelector: button[aria-label='Next month']
18:23:07.163 INFO  manager.MyListener - Start find element by locator --->By.cssSelector: button[aria-label='Next month']
18:23:07.189 INFO  manager.MyListener - After find by --->By.cssSelector: button[aria-label='Next month']
18:23:07.307 INFO  manager.MyListener - Start find element by locator --->By.cssSelector: button[aria-label='Next month']
18:23:07.348 INFO  manager.MyListener - After find by --->By.cssSelector: button[aria-label='Next month']
18:23:07.455 INFO  manager.MyListener - Start find element by locator --->By.cssSelector: button[aria-label='Next month']
18:23:07.481 INFO  manager.MyListener - After find by --->By.cssSelector: button[aria-label='Next month']
18:23:07.598 INFO  manager.MyListener - Start find element by locator --->By.cssSelector: button[aria-label='Next month']
18:23:07.634 INFO  manager.MyListener - After find by --->By.cssSelector: button[aria-label='Next month']
18:23:07.755 INFO  manager.MyListener - Start find element by locator --->By.xpath: //div[text()=' 22 ']
18:23:07.804 INFO  manager.MyListener - After find by --->By.xpath: //div[text()=' 22 ']
18:23:07.968 INFO  manager.MyListener - Start find element by locator --->By.cssSelector: button[type='submit']
18:23:08.015 INFO  manager.MyListener - After find by --->By.cssSelector: button[type='submit']
18:23:08.951 INFO  manager.MyListener - Start find element by locator --->By.cssSelector: .search-results
18:23:09.120 INFO  manager.MyListener - After find by --->By.cssSelector: .search-results
18:23:09.132 INFO  manager.MyListener - Start find element by locator --->By.cssSelector: .header a[href='/']
18:23:09.170 INFO  manager.MyListener - After find by --->By.cssSelector: .header a[href='/']
18:23:10.001 INFO  tests.TestBase - SL: Name of method--->searchPeriodCurrentMonth
18:23:10.002 INFO  manager.MyListener - Start find element by locator --->By.id: city
18:23:10.041 INFO  manager.MyListener - After find by --->By.id: city
18:23:10.528 INFO  manager.MyListener - Start find element by locator --->By.cssSelector: .pac-item
18:23:10.567 INFO  manager.MyListener - After find by --->By.cssSelector: .pac-item
18:23:11.170 INFO  manager.MyListener - Start find element by locator --->By.id: dates
18:23:11.198 INFO  manager.MyListener - After find by --->By.id: dates
18:23:11.351 INFO  manager.MyListener - Start find element by locator --->By.xpath: //div[text()=' 29 ']
18:23:11.380 INFO  manager.MyListener - After find by --->By.xpath: //div[text()=' 29 ']
18:23:11.486 INFO  manager.MyListener - Start find element by locator --->By.xpath: //div[text()=' 31 ']
18:23:15.773 INFO  manager.MyListener - Start find element by locator --->By.cssSelector: .header a[href='/']
